{"C:\\IT-Learning-Recommender-System - Update\\web\\src\\config\\env.ts": {"path":"C:\\IT-Learning-Recommender-System - Update\\web\\src\\config\\env.ts","statementMap":{"0":{"start":{"line":3,"column":0},"end":{"line":3,"column":null}},"1":{"start":{"line":6,"column":12},"end":{"line":6,"column":null}},"2":{"start":{"line":7,"column":2},"end":{"line":9,"column":null}},"3":{"start":{"line":8,"column":4},"end":{"line":8,"column":null}},"4":{"start":{"line":10,"column":2},"end":{"line":10,"column":null}},"5":{"start":{"line":13,"column":6},"end":{"line":13,"column":null}},"6":{"start":{"line":16,"column":18},"end":{"line":16,"column":null}},"7":{"start":{"line":17,"column":0},"end":{"line":19,"column":null}},"8":{"start":{"line":18,"column":2},"end":{"line":18,"column":null}},"9":{"start":{"line":20,"column":22},"end":{"line":20,"column":null}},"10":{"start":{"line":21,"column":0},"end":{"line":23,"column":null}},"11":{"start":{"line":22,"column":2},"end":{"line":22,"column":null}},"12":{"start":{"line":25,"column":19},"end":{"line":32,"column":null}}},"fnMap":{"0":{"name":"required","decl":{"start":{"line":5,"column":9},"end":{"line":5,"column":18}},"loc":{"start":{"line":5,"column":59},"end":{"line":11,"column":null}},"line":5}},"branchMap":{"0":{"loc":{"start":{"line":6,"column":12},"end":{"line":6,"column":null}},"type":"binary-expr","locations":[{"start":{"line":6,"column":12},"end":{"line":6,"column":33}},{"start":{"line":6,"column":33},"end":{"line":6,"column":null}}],"line":6},"1":{"loc":{"start":{"line":7,"column":2},"end":{"line":9,"column":null}},"type":"if","locations":[{"start":{"line":7,"column":2},"end":{"line":9,"column":null}},{"start":{},"end":{}}],"line":7},"2":{"loc":{"start":{"line":7,"column":6},"end":{"line":7,"column":35}},"type":"binary-expr","locations":[{"start":{"line":7,"column":6},"end":{"line":7,"column":25}},{"start":{"line":7,"column":25},"end":{"line":7,"column":35}}],"line":7},"3":{"loc":{"start":{"line":17,"column":0},"end":{"line":19,"column":null}},"type":"if","locations":[{"start":{"line":17,"column":0},"end":{"line":19,"column":null}},{"start":{},"end":{}}],"line":17},"4":{"loc":{"start":{"line":17,"column":4},"end":{"line":17,"column":79}},"type":"binary-expr","locations":[{"start":{"line":17,"column":4},"end":{"line":17,"column":15}},{"start":{"line":17,"column":15},"end":{"line":17,"column":55}},{"start":{"line":17,"column":55},"end":{"line":17,"column":79}}],"line":17},"5":{"loc":{"start":{"line":20,"column":22},"end":{"line":20,"column":null}},"type":"binary-expr","locations":[{"start":{"line":20,"column":22},"end":{"line":20,"column":52}},{"start":{"line":20,"column":52},"end":{"line":20,"column":null}}],"line":20},"6":{"loc":{"start":{"line":21,"column":0},"end":{"line":23,"column":null}},"type":"if","locations":[{"start":{"line":21,"column":0},"end":{"line":23,"column":null}},{"start":{},"end":{}}],"line":21},"7":{"loc":{"start":{"line":21,"column":4},"end":{"line":21,"column":37}},"type":"binary-expr","locations":[{"start":{"line":21,"column":4},"end":{"line":21,"column":14}},{"start":{"line":21,"column":14},"end":{"line":21,"column":37}}],"line":21},"8":{"loc":{"start":{"line":26,"column":17},"end":{"line":26,"column":45}},"type":"binary-expr","locations":[{"start":{"line":26,"column":17},"end":{"line":26,"column":37}},{"start":{"line":26,"column":37},"end":{"line":26,"column":45}}],"line":26},"9":{"loc":{"start":{"line":29,"column":19},"end":{"line":29,"column":75}},"type":"binary-expr","locations":[{"start":{"line":29,"column":19},"end":{"line":29,"column":50}},{"start":{"line":29,"column":50},"end":{"line":29,"column":75}}],"line":29}},"s":{"0":0,"1":0,"2":0,"3":0,"4":0,"5":0,"6":0,"7":0,"8":0,"9":0,"10":0,"11":0,"12":0},"f":{"0":0},"b":{"0":[0,0],"1":[0,0],"2":[0,0],"3":[0,0],"4":[0,0,0],"5":[0,0],"6":[0,0],"7":[0,0],"8":[0,0],"9":[0,0]},"meta":{"lastBranch":10,"lastFunction":1,"lastStatement":13,"seen":{"s:3:0:3:Infinity":0,"f:5:9:5:18":0,"s:6:12:6:Infinity":1,"b:6:12:6:33:6:33:6:Infinity":0,"b:7:2:9:Infinity:undefined:undefined:undefined:undefined":1,"s:7:2:9:Infinity":2,"b:7:6:7:25:7:25:7:35":2,"s:8:4:8:Infinity":3,"s:10:2:10:Infinity":4,"s:13:6:13:Infinity":5,"s:16:18:16:Infinity":6,"b:17:0:19:Infinity:undefined:undefined:undefined:undefined":3,"s:17:0:19:Infinity":7,"b:17:4:17:15:17:15:17:55:17:55:17:79":4,"s:18:2:18:Infinity":8,"s:20:22:20:Infinity":9,"b:20:22:20:52:20:52:20:Infinity":5,"b:21:0:23:Infinity:undefined:undefined:undefined:undefined":6,"s:21:0:23:Infinity":10,"b:21:4:21:14:21:14:21:37":7,"s:22:2:22:Infinity":11,"s:25:19:32:Infinity":12,"b:26:17:26:37:26:37:26:45":8,"b:29:19:29:50:29:50:29:75":9},"fnNames":{}}}
,"C:\\IT-Learning-Recommender-System - Update\\web\\src\\db\\check.ts": {"path":"C:\\IT-Learning-Recommender-System - Update\\web\\src\\db\\check.ts","statementMap":{"0":{"start":{"line":8,"column":2},"end":{"line":8,"column":null}},"1":{"start":{"line":9,"column":2},"end":{"line":9,"column":null}},"2":{"start":{"line":14,"column":19},"end":{"line":23,"column":null}},"3":{"start":{"line":24,"column":2},"end":{"line":24,"column":null}},"4":{"start":{"line":25,"column":2},"end":{"line":25,"column":null}},"5":{"start":{"line":28,"column":2},"end":{"line":29,"column":null}},"6":{"start":{"line":32,"column":2},"end":{"line":32,"column":null}},"7":{"start":{"line":33,"column":2},"end":{"line":34,"column":null}},"8":{"start":{"line":35,"column":2},"end":{"line":36,"column":null}},"9":{"start":{"line":39,"column":2},"end":{"line":42,"column":null}},"10":{"start":{"line":45,"column":2},"end":{"line":50,"column":null}},"11":{"start":{"line":53,"column":2},"end":{"line":55,"column":null}},"12":{"start":{"line":58,"column":2},"end":{"line":65,"column":null}},"13":{"start":{"line":68,"column":2},"end":{"line":70,"column":null}},"14":{"start":{"line":73,"column":2},"end":{"line":75,"column":null}},"15":{"start":{"line":77,"column":2},"end":{"line":77,"column":null}},"16":{"start":{"line":80,"column":0},"end":{"line":84,"column":null}},"17":{"start":{"line":81,"column":2},"end":{"line":81,"column":null}},"18":{"start":{"line":82,"column":2},"end":{"line":82,"column":null}},"19":{"start":{"line":83,"column":2},"end":{"line":83,"column":null}}},"fnMap":{"0":{"name":"section","decl":{"start":{"line":7,"column":9},"end":{"line":7,"column":17}},"loc":{"start":{"line":7,"column":45},"end":{"line":10,"column":null}},"line":7},"1":{"name":"check","decl":{"start":{"line":12,"column":15},"end":{"line":12,"column":23}},"loc":{"start":{"line":12,"column":23},"end":{"line":78,"column":null}},"line":12},"2":{"name":"(anonymous_2)","decl":{"start":{"line":80,"column":8},"end":{"line":80,"column":15}},"loc":{"start":{"line":80,"column":23},"end":{"line":84,"column":1}},"line":80}},"branchMap":{"0":{"loc":{"start":{"line":9,"column":16},"end":{"line":9,"column":56}},"type":"cond-expr","locations":[{"start":{"line":9,"column":30},"end":{"line":9,"column":37}},{"start":{"line":9,"column":37},"end":{"line":9,"column":56}}],"line":9}},"s":{"0":0,"1":0,"2":0,"3":0,"4":0,"5":0,"6":0,"7":0,"8":0,"9":0,"10":0,"11":0,"12":0,"13":0,"14":0,"15":0,"16":0,"17":0,"18":0,"19":0},"f":{"0":0,"1":0,"2":0},"b":{"0":[0,0]},"meta":{"lastBranch":1,"lastFunction":3,"lastStatement":20,"seen":{"f:7:9:7:17":0,"s:8:2:8:Infinity":0,"s:9:2:9:Infinity":1,"b:9:30:9:37:9:37:9:56":0,"f:12:15:12:23":1,"s:14:19:23:Infinity":2,"s:24:2:24:Infinity":3,"s:25:2:25:Infinity":4,"s:28:2:29:Infinity":5,"s:32:2:32:Infinity":6,"s:33:2:34:Infinity":7,"s:35:2:36:Infinity":8,"s:39:2:42:Infinity":9,"s:45:2:50:Infinity":10,"s:53:2:55:Infinity":11,"s:58:2:65:Infinity":12,"s:68:2:70:Infinity":13,"s:73:2:75:Infinity":14,"s:77:2:77:Infinity":15,"s:80:0:84:Infinity":16,"f:80:8:80:15":2,"s:81:2:81:Infinity":17,"s:82:2:82:Infinity":18,"s:83:2:83:Infinity":19},"fnNames":{}}}
,"C:\\IT-Learning-Recommender-System - Update\\web\\src\\db\\migrate.ts": {"path":"C:\\IT-Learning-Recommender-System - Update\\web\\src\\db\\migrate.ts","statementMap":{"0":{"start":{"line":7,"column":14},"end":{"line":7,"column":null}},"1":{"start":{"line":8,"column":2},"end":{"line":8,"column":null}},"2":{"start":{"line":9,"column":2},"end":{"line":9,"column":null}},"3":{"start":{"line":10,"column":2},"end":{"line":10,"column":null}},"4":{"start":{"line":13,"column":0},"end":{"line":16,"column":null}},"5":{"start":{"line":14,"column":2},"end":{"line":14,"column":null}},"6":{"start":{"line":15,"column":2},"end":{"line":15,"column":null}}},"fnMap":{"0":{"name":"migrate","decl":{"start":{"line":6,"column":15},"end":{"line":6,"column":25}},"loc":{"start":{"line":6,"column":25},"end":{"line":11,"column":null}},"line":6},"1":{"name":"(anonymous_1)","decl":{"start":{"line":13,"column":10},"end":{"line":13,"column":17}},"loc":{"start":{"line":13,"column":25},"end":{"line":16,"column":1}},"line":13}},"branchMap":{},"s":{"0":0,"1":0,"2":0,"3":0,"4":0,"5":0,"6":0},"f":{"0":0,"1":0},"b":{},"meta":{"lastBranch":0,"lastFunction":2,"lastStatement":7,"seen":{"f:6:15:6:25":0,"s:7:14:7:Infinity":0,"s:8:2:8:Infinity":1,"s:9:2:9:Infinity":2,"s:10:2:10:Infinity":3,"s:13:0:16:Infinity":4,"f:13:10:13:17":1,"s:14:2:14:Infinity":5,"s:15:2:15:Infinity":6},"fnNames":{}}}
,"C:\\IT-Learning-Recommender-System - Update\\web\\src\\db\\pool.ts": {"path":"C:\\IT-Learning-Recommender-System - Update\\web\\src\\db\\pool.ts","statementMap":{"0":{"start":{"line":5,"column":20},"end":{"line":5,"column":null}},"1":{"start":{"line":7,"column":0},"end":{"line":9,"column":null}},"2":{"start":{"line":8,"column":2},"end":{"line":8,"column":null}},"3":{"start":{"line":12,"column":14},"end":{"line":12,"column":null}},"4":{"start":{"line":13,"column":2},"end":{"line":13,"column":null}}},"fnMap":{"0":{"name":"(anonymous_0)","decl":{"start":{"line":7,"column":8},"end":{"line":7,"column":18}},"loc":{"start":{"line":7,"column":26},"end":{"line":9,"column":1}},"line":7},"1":{"name":"query","decl":{"start":{"line":11,"column":22},"end":{"line":11,"column":37}},"loc":{"start":{"line":11,"column":85},"end":{"line":14,"column":null}},"line":11}},"branchMap":{},"s":{"0":0,"1":0,"2":0,"3":0,"4":0},"f":{"0":0,"1":0},"b":{},"meta":{"lastBranch":0,"lastFunction":2,"lastStatement":5,"seen":{"s:5:20:5:Infinity":0,"s:7:0:9:Infinity":1,"f:7:8:7:18":0,"s:8:2:8:Infinity":2,"f:11:22:11:37":1,"s:12:14:12:Infinity":3,"s:13:2:13:Infinity":4},"fnNames":{}}}
,"C:\\IT-Learning-Recommender-System - Update\\web\\src\\db\\seed-courses.ts": {"path":"C:\\IT-Learning-Recommender-System - Update\\web\\src\\db\\seed-courses.ts","statementMap":{"0":{"start":{"line":11,"column":12},"end":{"line":11,"column":null}},"1":{"start":{"line":14,"column":17},"end":{"line":14,"column":null}},"2":{"start":{"line":15,"column":2},"end":{"line":42,"column":null}},"3":{"start":{"line":16,"column":21},"end":{"line":16,"column":null}},"4":{"start":{"line":17,"column":14},"end":{"line":17,"column":null}},"5":{"start":{"line":18,"column":18},"end":{"line":18,"column":null}},"6":{"start":{"line":20,"column":4},"end":{"line":23,"column":null}},"7":{"start":{"line":21,"column":6},"end":{"line":21,"column":null}},"8":{"start":{"line":22,"column":6},"end":{"line":22,"column":null}},"9":{"start":{"line":24,"column":4},"end":{"line":27,"column":null}},"10":{"start":{"line":25,"column":6},"end":{"line":25,"column":null}},"11":{"start":{"line":26,"column":6},"end":{"line":26,"column":null}},"12":{"start":{"line":29,"column":19},"end":{"line":34,"column":null}},"13":{"start":{"line":35,"column":4},"end":{"line":35,"column":null}},"14":{"start":{"line":37,"column":18},"end":{"line":37,"column":null}},"15":{"start":{"line":38,"column":4},"end":{"line":38,"column":null}},"16":{"start":{"line":40,"column":4},"end":{"line":40,"column":null}},"17":{"start":{"line":41,"column":4},"end":{"line":41,"column":null}},"18":{"start":{"line":45,"column":0},"end":{"line":48,"column":null}},"19":{"start":{"line":46,"column":2},"end":{"line":46,"column":null}},"20":{"start":{"line":47,"column":2},"end":{"line":47,"column":null}}},"fnMap":{"0":{"name":"seed","decl":{"start":{"line":13,"column":15},"end":{"line":13,"column":22}},"loc":{"start":{"line":13,"column":22},"end":{"line":43,"column":null}},"line":13},"1":{"name":"(anonymous_1)","decl":{"start":{"line":45,"column":7},"end":{"line":45,"column":14}},"loc":{"start":{"line":45,"column":22},"end":{"line":48,"column":1}},"line":45}},"branchMap":{"0":{"loc":{"start":{"line":11,"column":12},"end":{"line":11,"column":null}},"type":"binary-expr","locations":[{"start":{"line":11,"column":12},"end":{"line":11,"column":37}},{"start":{"line":11,"column":37},"end":{"line":11,"column":null}}],"line":11},"1":{"loc":{"start":{"line":18,"column":18},"end":{"line":18,"column":null}},"type":"binary-expr","locations":[{"start":{"line":18,"column":18},"end":{"line":18,"column":54}},{"start":{"line":18,"column":54},"end":{"line":18,"column":null}}],"line":18},"2":{"loc":{"start":{"line":20,"column":4},"end":{"line":23,"column":null}},"type":"if","locations":[{"start":{"line":20,"column":4},"end":{"line":23,"column":null}},{"start":{},"end":{}}],"line":20},"3":{"loc":{"start":{"line":20,"column":8},"end":{"line":20,"column":25}},"type":"binary-expr","locations":[{"start":{"line":20,"column":8},"end":{"line":20,"column":17}},{"start":{"line":20,"column":17},"end":{"line":20,"column":25}}],"line":20},"4":{"loc":{"start":{"line":24,"column":4},"end":{"line":27,"column":null}},"type":"if","locations":[{"start":{"line":24,"column":4},"end":{"line":27,"column":null}},{"start":{},"end":{}}],"line":24}},"s":{"0":0,"1":0,"2":0,"3":0,"4":0,"5":0,"6":0,"7":0,"8":0,"9":0,"10":0,"11":0,"12":0,"13":0,"14":0,"15":0,"16":0,"17":0,"18":0,"19":0,"20":0},"f":{"0":0,"1":0},"b":{"0":[0,0],"1":[0,0],"2":[0,0],"3":[0,0],"4":[0,0]},"meta":{"lastBranch":5,"lastFunction":2,"lastStatement":21,"seen":{"s:11:12:11:Infinity":0,"b:11:12:11:37:11:37:11:Infinity":0,"f:13:15:13:22":0,"s:14:17:14:Infinity":1,"s:15:2:42:Infinity":2,"s:16:21:16:Infinity":3,"s:17:14:17:Infinity":4,"s:18:18:18:Infinity":5,"b:18:18:18:54:18:54:18:Infinity":1,"b:20:4:23:Infinity:undefined:undefined:undefined:undefined":2,"s:20:4:23:Infinity":6,"b:20:8:20:17:20:17:20:25":3,"s:21:6:21:Infinity":7,"s:22:6:22:Infinity":8,"b:24:4:27:Infinity:undefined:undefined:undefined:undefined":4,"s:24:4:27:Infinity":9,"s:25:6:25:Infinity":10,"s:26:6:26:Infinity":11,"s:29:19:34:Infinity":12,"s:35:4:35:Infinity":13,"s:37:18:37:Infinity":14,"s:38:4:38:Infinity":15,"s:40:4:40:Infinity":16,"s:41:4:41:Infinity":17,"s:45:0:48:Infinity":18,"f:45:7:45:14":1,"s:46:2:46:Infinity":19,"s:47:2:47:Infinity":20},"fnNames":{}}}
,"C:\\IT-Learning-Recommender-System - Update\\web\\src\\db\\sync-courses.ts": {"path":"C:\\IT-Learning-Recommender-System - Update\\web\\src\\db\\sync-courses.ts","statementMap":{"0":{"start":{"line":11,"column":12},"end":{"line":11,"column":null}},"1":{"start":{"line":12,"column":13},"end":{"line":12,"column":null}},"2":{"start":{"line":15,"column":17},"end":{"line":15,"column":null}},"3":{"start":{"line":16,"column":2},"end":{"line":56,"column":null}},"4":{"start":{"line":20,"column":4},"end":{"line":20,"column":null}},"5":{"start":{"line":21,"column":4},"end":{"line":21,"column":null}},"6":{"start":{"line":22,"column":19},"end":{"line":24,"column":null}},"7":{"start":{"line":25,"column":4},"end":{"line":25,"column":null}},"8":{"start":{"line":29,"column":22},"end":{"line":32,"column":null}},"9":{"start":{"line":30,"column":21},"end":{"line":30,"column":36}},"10":{"start":{"line":31,"column":18},"end":{"line":31,"column":40}},"11":{"start":{"line":33,"column":16},"end":{"line":43,"column":null}},"12":{"start":{"line":44,"column":4},"end":{"line":44,"column":null}},"13":{"start":{"line":46,"column":34},"end":{"line":46,"column":null}},"14":{"start":{"line":47,"column":18},"end":{"line":47,"column":null}},"15":{"start":{"line":48,"column":4},"end":{"line":49,"column":null}},"16":{"start":{"line":51,"column":4},"end":{"line":51,"column":null}},"17":{"start":{"line":52,"column":4},"end":{"line":52,"column":null}},"18":{"start":{"line":54,"column":4},"end":{"line":54,"column":null}},"19":{"start":{"line":55,"column":4},"end":{"line":55,"column":null}},"20":{"start":{"line":59,"column":0},"end":{"line":62,"column":null}},"21":{"start":{"line":60,"column":2},"end":{"line":60,"column":null}},"22":{"start":{"line":61,"column":2},"end":{"line":61,"column":null}}},"fnMap":{"0":{"name":"sync","decl":{"start":{"line":14,"column":15},"end":{"line":14,"column":22}},"loc":{"start":{"line":14,"column":22},"end":{"line":57,"column":null}},"line":14},"1":{"name":"(anonymous_1)","decl":{"start":{"line":30,"column":7},"end":{"line":30,"column":15}},"loc":{"start":{"line":30,"column":21},"end":{"line":30,"column":36}},"line":30},"2":{"name":"(anonymous_2)","decl":{"start":{"line":31,"column":7},"end":{"line":31,"column":12}},"loc":{"start":{"line":31,"column":18},"end":{"line":31,"column":40}},"line":31},"3":{"name":"(anonymous_3)","decl":{"start":{"line":51,"column":35},"end":{"line":51,"column":47}},"loc":{"start":{"line":51,"column":47},"end":{"line":51,"column":49}},"line":51},"4":{"name":"(anonymous_4)","decl":{"start":{"line":59,"column":7},"end":{"line":59,"column":14}},"loc":{"start":{"line":59,"column":22},"end":{"line":62,"column":1}},"line":59}},"branchMap":{"0":{"loc":{"start":{"line":11,"column":12},"end":{"line":11,"column":null}},"type":"binary-expr","locations":[{"start":{"line":11,"column":12},"end":{"line":11,"column":37}},{"start":{"line":11,"column":37},"end":{"line":11,"column":null}}],"line":11}},"s":{"0":0,"1":0,"2":0,"3":0,"4":0,"5":0,"6":0,"7":0,"8":0,"9":0,"10":0,"11":0,"12":0,"13":0,"14":0,"15":0,"16":0,"17":0,"18":0,"19":0,"20":0,"21":0,"22":0},"f":{"0":0,"1":0,"2":0,"3":0,"4":0},"b":{"0":[0,0]},"meta":{"lastBranch":1,"lastFunction":5,"lastStatement":23,"seen":{"s:11:12:11:Infinity":0,"b:11:12:11:37:11:37:11:Infinity":0,"s:12:13:12:Infinity":1,"f:14:15:14:22":0,"s:15:17:15:Infinity":2,"s:16:2:56:Infinity":3,"s:20:4:20:Infinity":4,"s:21:4:21:Infinity":5,"s:22:19:24:Infinity":6,"s:25:4:25:Infinity":7,"s:29:22:32:Infinity":8,"f:30:7:30:15":1,"s:30:21:30:36":9,"f:31:7:31:12":2,"s:31:18:31:40":10,"s:33:16:43:Infinity":11,"s:44:4:44:Infinity":12,"s:46:34:46:Infinity":13,"s:47:18:47:Infinity":14,"s:48:4:49:Infinity":15,"s:51:4:51:Infinity":16,"f:51:35:51:47":3,"s:52:4:52:Infinity":17,"s:54:4:54:Infinity":18,"s:55:4:55:Infinity":19,"s:59:0:62:Infinity":20,"f:59:7:59:14":4,"s:60:2:60:Infinity":21,"s:61:2:61:Infinity":22},"fnNames":{}}}
,"C:\\IT-Learning-Recommender-System - Update\\web\\src\\db\\types.ts": {"path":"C:\\IT-Learning-Recommender-System - Update\\web\\src\\db\\types.ts","statementMap":{},"fnMap":{},"branchMap":{},"s":{},"f":{},"b":{},"meta":{"lastBranch":0,"lastFunction":0,"lastStatement":0,"seen":{},"fnNames":{}}}
,"C:\\IT-Learning-Recommender-System - Update\\web\\src\\middleware\\auth.ts": {"path":"C:\\IT-Learning-Recommender-System - Update\\web\\src\\middleware\\auth.ts","statementMap":{"0":{"start":{"line":22,"column":15},"end":{"line":22,"column":null}},"1":{"start":{"line":25,"column":2},"end":{"line":25,"column":null}},"2":{"start":{"line":29,"column":2},"end":{"line":34,"column":null}},"3":{"start":{"line":38,"column":2},"end":{"line":38,"column":null}},"4":{"start":{"line":43,"column":16},"end":{"line":43,"column":null}},"5":{"start":{"line":44,"column":2},"end":{"line":51,"column":null}},"6":{"start":{"line":45,"column":4},"end":{"line":50,"column":null}},"7":{"start":{"line":46,"column":22},"end":{"line":46,"column":null}},"8":{"start":{"line":47,"column":6},"end":{"line":47,"column":null}},"9":{"start":{"line":52,"column":2},"end":{"line":52,"column":null}},"10":{"start":{"line":53,"column":2},"end":{"line":53,"column":null}},"11":{"start":{"line":54,"column":2},"end":{"line":54,"column":null}},"12":{"start":{"line":55,"column":2},"end":{"line":55,"column":null}},"13":{"start":{"line":59,"column":23},"end":{"line":59,"column":null}},"14":{"start":{"line":65,"column":12},"end":{"line":65,"column":null}},"15":{"start":{"line":66,"column":2},"end":{"line":73,"column":null}},"16":{"start":{"line":67,"column":4},"end":{"line":72,"column":null}},"17":{"start":{"line":68,"column":16},"end":{"line":68,"column":null}},"18":{"start":{"line":69,"column":6},"end":{"line":69,"column":null}},"19":{"start":{"line":74,"column":2},"end":{"line":74,"column":null}},"20":{"start":{"line":78,"column":2},"end":{"line":78,"column":null}},"21":{"start":{"line":78,"column":27},"end":{"line":78,"column":null}},"22":{"start":{"line":79,"column":2},"end":{"line":79,"column":null}},"23":{"start":{"line":83,"column":2},"end":{"line":86,"column":null}},"24":{"start":{"line":84,"column":4},"end":{"line":84,"column":null}},"25":{"start":{"line":85,"column":4},"end":{"line":85,"column":null}},"26":{"start":{"line":87,"column":2},"end":{"line":87,"column":null}},"27":{"start":{"line":91,"column":2},"end":{"line":94,"column":null}},"28":{"start":{"line":92,"column":4},"end":{"line":92,"column":null}},"29":{"start":{"line":93,"column":4},"end":{"line":93,"column":null}},"30":{"start":{"line":95,"column":2},"end":{"line":98,"column":null}},"31":{"start":{"line":96,"column":4},"end":{"line":96,"column":null}},"32":{"start":{"line":97,"column":4},"end":{"line":97,"column":null}},"33":{"start":{"line":99,"column":2},"end":{"line":99,"column":null}}},"fnMap":{"0":{"name":"signToken","decl":{"start":{"line":24,"column":16},"end":{"line":24,"column":26}},"loc":{"start":{"line":24,"column":50},"end":{"line":26,"column":null}},"line":24},"1":{"name":"setAuthCookie","decl":{"start":{"line":28,"column":16},"end":{"line":28,"column":30}},"loc":{"start":{"line":28,"column":66},"end":{"line":35,"column":null}},"line":28},"2":{"name":"clearAuthCookie","decl":{"start":{"line":37,"column":16},"end":{"line":37,"column":32}},"loc":{"start":{"line":37,"column":53},"end":{"line":39,"column":null}},"line":37},"3":{"name":"loadUser","decl":{"start":{"line":42,"column":16},"end":{"line":42,"column":25}},"loc":{"start":{"line":42,"column":80},"end":{"line":56,"column":null}},"line":42},"4":{"name":"hasAdminAccess","decl":{"start":{"line":64,"column":16},"end":{"line":64,"column":31}},"loc":{"start":{"line":64,"column":54},"end":{"line":75,"column":null}},"line":64},"5":{"name":"requireAdminAccess","decl":{"start":{"line":77,"column":16},"end":{"line":77,"column":35}},"loc":{"start":{"line":77,"column":90},"end":{"line":80,"column":null}},"line":77},"6":{"name":"requireAuth","decl":{"start":{"line":82,"column":16},"end":{"line":82,"column":28}},"loc":{"start":{"line":82,"column":83},"end":{"line":88,"column":null}},"line":82},"7":{"name":"requireAdmin","decl":{"start":{"line":90,"column":16},"end":{"line":90,"column":29}},"loc":{"start":{"line":90,"column":84},"end":{"line":100,"column":null}},"line":90}},"branchMap":{"0":{"loc":{"start":{"line":44,"column":2},"end":{"line":51,"column":null}},"type":"if","locations":[{"start":{"line":44,"column":2},"end":{"line":51,"column":null}},{"start":{},"end":{}}],"line":44},"1":{"loc":{"start":{"line":52,"column":20},"end":{"line":52,"column":null}},"type":"binary-expr","locations":[{"start":{"line":52,"column":20},"end":{"line":52,"column":32}},{"start":{"line":52,"column":32},"end":{"line":52,"column":null}}],"line":52},"2":{"loc":{"start":{"line":66,"column":2},"end":{"line":73,"column":null}},"type":"if","locations":[{"start":{"line":66,"column":2},"end":{"line":73,"column":null}},{"start":{},"end":{}}],"line":66},"3":{"loc":{"start":{"line":69,"column":13},"end":{"line":69,"column":null}},"type":"binary-expr","locations":[{"start":{"line":69,"column":13},"end":{"line":69,"column":31}},{"start":{"line":69,"column":31},"end":{"line":69,"column":null}}],"line":69},"4":{"loc":{"start":{"line":78,"column":2},"end":{"line":78,"column":null}},"type":"if","locations":[{"start":{"line":78,"column":2},"end":{"line":78,"column":null}},{"start":{},"end":{}}],"line":78},"5":{"loc":{"start":{"line":83,"column":2},"end":{"line":86,"column":null}},"type":"if","locations":[{"start":{"line":83,"column":2},"end":{"line":86,"column":null}},{"start":{},"end":{}}],"line":83},"6":{"loc":{"start":{"line":91,"column":2},"end":{"line":94,"column":null}},"type":"if","locations":[{"start":{"line":91,"column":2},"end":{"line":94,"column":null}},{"start":{},"end":{}}],"line":91},"7":{"loc":{"start":{"line":95,"column":2},"end":{"line":98,"column":null}},"type":"if","locations":[{"start":{"line":95,"column":2},"end":{"line":98,"column":null}},{"start":{},"end":{}}],"line":95}},"s":{"0":0,"1":0,"2":0,"3":0,"4":0,"5":0,"6":0,"7":0,"8":0,"9":0,"10":0,"11":0,"12":0,"13":0,"14":0,"15":0,"16":0,"17":0,"18":0,"19":0,"20":0,"21":0,"22":0,"23":0,"24":0,"25":0,"26":0,"27":0,"28":0,"29":0,"30":0,"31":0,"32":0,"33":0},"f":{"0":0,"1":0,"2":0,"3":0,"4":0,"5":0,"6":0,"7":0},"b":{"0":[0,0],"1":[0,0],"2":[0,0],"3":[0,0],"4":[0,0],"5":[0,0],"6":[0,0],"7":[0,0]},"meta":{"lastBranch":8,"lastFunction":8,"lastStatement":34,"seen":{"s:22:15:22:Infinity":0,"f:24:16:24:26":0,"s:25:2:25:Infinity":1,"f:28:16:28:30":1,"s:29:2:34:Infinity":2,"f:37:16:37:32":2,"s:38:2:38:Infinity":3,"f:42:16:42:25":3,"s:43:16:43:Infinity":4,"b:44:2:51:Infinity:undefined:undefined:undefined:undefined":0,"s:44:2:51:Infinity":5,"s:45:4:50:Infinity":6,"s:46:22:46:Infinity":7,"s:47:6:47:Infinity":8,"s:52:2:52:Infinity":9,"b:52:20:52:32:52:32:52:Infinity":1,"s:53:2:53:Infinity":10,"s:54:2:54:Infinity":11,"s:55:2:55:Infinity":12,"s:59:23:59:Infinity":13,"f:64:16:64:31":4,"s:65:12:65:Infinity":14,"b:66:2:73:Infinity:undefined:undefined:undefined:undefined":2,"s:66:2:73:Infinity":15,"s:67:4:72:Infinity":16,"s:68:16:68:Infinity":17,"s:69:6:69:Infinity":18,"b:69:13:69:31:69:31:69:Infinity":3,"s:74:2:74:Infinity":19,"f:77:16:77:35":5,"b:78:2:78:Infinity:undefined:undefined:undefined:undefined":4,"s:78:2:78:Infinity":20,"s:78:27:78:Infinity":21,"s:79:2:79:Infinity":22,"f:82:16:82:28":6,"b:83:2:86:Infinity:undefined:undefined:undefined:undefined":5,"s:83:2:86:Infinity":23,"s:84:4:84:Infinity":24,"s:85:4:85:Infinity":25,"s:87:2:87:Infinity":26,"f:90:16:90:29":7,"b:91:2:94:Infinity:undefined:undefined:undefined:undefined":6,"s:91:2:94:Infinity":27,"s:92:4:92:Infinity":28,"s:93:4:93:Infinity":29,"b:95:2:98:Infinity:undefined:undefined:undefined:undefined":7,"s:95:2:98:Infinity":30,"s:96:4:96:Infinity":31,"s:97:4:97:Infinity":32,"s:99:2:99:Infinity":33},"fnNames":{}}}
,"C:\\IT-Learning-Recommender-System - Update\\web\\src\\middleware\\security.ts": {"path":"C:\\IT-Learning-Recommender-System - Update\\web\\src\\middleware\\security.ts","statementMap":{"0":{"start":{"line":12,"column":20},"end":{"line":12,"column":null}},"1":{"start":{"line":18,"column":31},"end":{"line":44,"column":null}},"2":{"start":{"line":54,"column":21},"end":{"line":54,"column":null}},"3":{"start":{"line":57,"column":34},"end":{"line":57,"column":null}},"4":{"start":{"line":58,"column":2},"end":{"line":66,"column":null}},"5":{"start":{"line":59,"column":4},"end":{"line":59,"column":null}},"6":{"start":{"line":60,"column":4},"end":{"line":65,"column":null}},"7":{"start":{"line":67,"column":2},"end":{"line":67,"column":null}},"8":{"start":{"line":69,"column":2},"end":{"line":69,"column":null}},"9":{"start":{"line":69,"column":36},"end":{"line":69,"column":null}},"10":{"start":{"line":72,"column":5},"end":{"line":74,"column":null}},"11":{"start":{"line":76,"column":2},"end":{"line":83,"column":null}},"12":{"start":{"line":77,"column":4},"end":{"line":81,"column":null}},"13":{"start":{"line":78,"column":6},"end":{"line":78,"column":null}},"14":{"start":{"line":80,"column":6},"end":{"line":80,"column":null}},"15":{"start":{"line":82,"column":4},"end":{"line":82,"column":null}},"16":{"start":{"line":84,"column":2},"end":{"line":84,"column":null}},"17":{"start":{"line":89,"column":20},"end":{"line":92,"column":null}},"18":{"start":{"line":95,"column":29},"end":{"line":100,"column":null}},"19":{"start":{"line":103,"column":27},"end":{"line":109,"column":null}}},"fnMap":{"0":{"name":"csrfProtection","decl":{"start":{"line":56,"column":16},"end":{"line":56,"column":31}},"loc":{"start":{"line":56,"column":86},"end":{"line":85,"column":null}},"line":56}},"branchMap":{"0":{"loc":{"start":{"line":37,"column":35},"end":{"line":37,"column":null}},"type":"cond-expr","locations":[{"start":{"line":37,"column":48},"end":{"line":37,"column":53}},{"start":{"line":37,"column":53},"end":{"line":37,"column":null}}],"line":37},"1":{"loc":{"start":{"line":41,"column":8},"end":{"line":41,"column":null}},"type":"cond-expr","locations":[{"start":{"line":41,"column":21},"end":{"line":41,"column":69}},{"start":{"line":41,"column":69},"end":{"line":41,"column":null}}],"line":41},"2":{"loc":{"start":{"line":58,"column":2},"end":{"line":66,"column":null}},"type":"if","locations":[{"start":{"line":58,"column":2},"end":{"line":66,"column":null}},{"start":{},"end":{}}],"line":58},"3":{"loc":{"start":{"line":58,"column":6},"end":{"line":58,"column":47}},"type":"binary-expr","locations":[{"start":{"line":58,"column":6},"end":{"line":58,"column":16}},{"start":{"line":58,"column":16},"end":{"line":58,"column":47}}],"line":58},"4":{"loc":{"start":{"line":69,"column":2},"end":{"line":69,"column":null}},"type":"if","locations":[{"start":{"line":69,"column":2},"end":{"line":69,"column":null}},{"start":{},"end":{}}],"line":69},"5":{"loc":{"start":{"line":72,"column":5},"end":{"line":74,"column":null}},"type":"binary-expr","locations":[{"start":{"line":72,"column":5},"end":{"line":72,"column":null}},{"start":{"line":73,"column":5},"end":{"line":73,"column":null}},{"start":{"line":74,"column":5},"end":{"line":74,"column":null}}],"line":72},"6":{"loc":{"start":{"line":76,"column":2},"end":{"line":83,"column":null}},"type":"if","locations":[{"start":{"line":76,"column":2},"end":{"line":83,"column":null}},{"start":{},"end":{}}],"line":76},"7":{"loc":{"start":{"line":76,"column":6},"end":{"line":76,"column":31}},"type":"binary-expr","locations":[{"start":{"line":76,"column":6},"end":{"line":76,"column":15}},{"start":{"line":76,"column":15},"end":{"line":76,"column":31}}],"line":76},"8":{"loc":{"start":{"line":77,"column":4},"end":{"line":81,"column":null}},"type":"if","locations":[{"start":{"line":77,"column":4},"end":{"line":81,"column":null}},{"start":{"line":79,"column":11},"end":{"line":81,"column":null}}],"line":77}},"s":{"0":0,"1":0,"2":0,"3":0,"4":0,"5":0,"6":0,"7":0,"8":0,"9":0,"10":0,"11":0,"12":0,"13":0,"14":0,"15":0,"16":0,"17":0,"18":0,"19":0},"f":{"0":0},"b":{"0":[0,0],"1":[0,0],"2":[0,0],"3":[0,0],"4":[0,0],"5":[0,0,0],"6":[0,0],"7":[0,0],"8":[0,0]},"meta":{"lastBranch":9,"lastFunction":1,"lastStatement":20,"seen":{"s:12:20:12:Infinity":0,"s:18:31:44:Infinity":1,"b:37:48:37:53:37:53:37:Infinity":0,"b:41:21:41:69:41:69:41:Infinity":1,"s:54:21:54:Infinity":2,"f:56:16:56:31":0,"s:57:34:57:Infinity":3,"b:58:2:66:Infinity:undefined:undefined:undefined:undefined":2,"s:58:2:66:Infinity":4,"b:58:6:58:16:58:16:58:47":3,"s:59:4:59:Infinity":5,"s:60:4:65:Infinity":6,"s:67:2:67:Infinity":7,"b:69:2:69:Infinity:undefined:undefined:undefined:undefined":4,"s:69:2:69:Infinity":8,"s:69:36:69:Infinity":9,"s:72:5:74:Infinity":10,"b:72:5:72:Infinity:73:5:73:Infinity:74:5:74:Infinity":5,"b:76:2:83:Infinity:undefined:undefined:undefined:undefined":6,"s:76:2:83:Infinity":11,"b:76:6:76:15:76:15:76:31":7,"b:77:4:81:Infinity:79:11:81:Infinity":8,"s:77:4:81:Infinity":12,"s:78:6:78:Infinity":13,"s:80:6:80:Infinity":14,"s:82:4:82:Infinity":15,"s:84:2:84:Infinity":16,"s:89:20:92:Infinity":17,"s:95:29:100:Infinity":18,"s:103:27:109:Infinity":19},"fnNames":{}}}
,"C:\\IT-Learning-Recommender-System - Update\\web\\src\\routes\\admin.routes.ts": {"path":"C:\\IT-Learning-Recommender-System - Update\\web\\src\\routes\\admin.routes.ts","statementMap":{"0":{"start":{"line":13,"column":27},"end":{"line":13,"column":34}},"1":{"start":{"line":16,"column":16},"end":{"line":16,"column":null}},"2":{"start":{"line":17,"column":6},"end":{"line":17,"column":null}},"3":{"start":{"line":17,"column":32},"end":{"line":17,"column":null}},"4":{"start":{"line":18,"column":6},"end":{"line":18,"column":null}},"5":{"start":{"line":18,"column":35},"end":{"line":18,"column":null}},"6":{"start":{"line":19,"column":20},"end":{"line":23,"column":null}},"7":{"start":{"line":22,"column":34},"end":{"line":22,"column":null}},"8":{"start":{"line":24,"column":18},"end":{"line":24,"column":null}},"9":{"start":{"line":25,"column":6},"end":{"line":25,"column":null}},"10":{"start":{"line":25,"column":82},"end":{"line":25,"column":null}},"11":{"start":{"line":28,"column":0},"end":{"line":31,"column":null}},"12":{"start":{"line":29,"column":2},"end":{"line":29,"column":null}},"13":{"start":{"line":29,"column":26},"end":{"line":29,"column":null}},"14":{"start":{"line":30,"column":2},"end":{"line":30,"column":null}},"15":{"start":{"line":33,"column":0},"end":{"line":40,"column":null}},"16":{"start":{"line":34,"column":2},"end":{"line":36,"column":null}},"17":{"start":{"line":35,"column":4},"end":{"line":35,"column":null}},"18":{"start":{"line":37,"column":16},"end":{"line":37,"column":null}},"19":{"start":{"line":38,"column":2},"end":{"line":38,"column":null}},"20":{"start":{"line":39,"column":2},"end":{"line":39,"column":null}},"21":{"start":{"line":42,"column":0},"end":{"line":45,"column":null}},"22":{"start":{"line":43,"column":2},"end":{"line":43,"column":null}},"23":{"start":{"line":44,"column":2},"end":{"line":44,"column":null}},"24":{"start":{"line":48,"column":0},"end":{"line":82,"column":null}},"25":{"start":{"line":49,"column":41},"end":{"line":80,"column":null}},"26":{"start":{"line":81,"column":2},"end":{"line":81,"column":null}},"27":{"start":{"line":85,"column":0},"end":{"line":101,"column":null}},"28":{"start":{"line":86,"column":13},"end":{"line":86,"column":null}},"29":{"start":{"line":87,"column":15},"end":{"line":87,"column":null}},"30":{"start":{"line":88,"column":2},"end":{"line":88,"column":null}},"31":{"start":{"line":88,"column":24},"end":{"line":88,"column":null}},"32":{"start":{"line":90,"column":2},"end":{"line":96,"column":null}},"33":{"start":{"line":91,"column":4},"end":{"line":91,"column":null}},"34":{"start":{"line":92,"column":9},"end":{"line":96,"column":null}},"35":{"start":{"line":93,"column":4},"end":{"line":93,"column":null}},"36":{"start":{"line":94,"column":9},"end":{"line":96,"column":null}},"37":{"start":{"line":95,"column":4},"end":{"line":95,"column":null}},"38":{"start":{"line":97,"column":2},"end":{"line":97,"column":null}},"39":{"start":{"line":97,"column":25},"end":{"line":97,"column":null}},"40":{"start":{"line":98,"column":2},"end":{"line":98,"column":null}},"41":{"start":{"line":99,"column":2},"end":{"line":99,"column":null}},"42":{"start":{"line":100,"column":2},"end":{"line":100,"column":null}},"43":{"start":{"line":103,"column":0},"end":{"line":112,"column":null}},"44":{"start":{"line":104,"column":13},"end":{"line":104,"column":null}},"45":{"start":{"line":105,"column":15},"end":{"line":105,"column":null}},"46":{"start":{"line":106,"column":2},"end":{"line":110,"column":null}},"47":{"start":{"line":107,"column":4},"end":{"line":109,"column":null}},"48":{"start":{"line":107,"column":31},"end":{"line":107,"column":null}},"49":{"start":{"line":108,"column":9},"end":{"line":109,"column":null}},"50":{"start":{"line":108,"column":36},"end":{"line":108,"column":null}},"51":{"start":{"line":109,"column":9},"end":{"line":109,"column":null}},"52":{"start":{"line":109,"column":34},"end":{"line":109,"column":null}},"53":{"start":{"line":111,"column":2},"end":{"line":111,"column":null}},"54":{"start":{"line":115,"column":0},"end":{"line":120,"column":null}},"55":{"start":{"line":116,"column":13},"end":{"line":116,"column":null}},"56":{"start":{"line":117,"column":2},"end":{"line":118,"column":null}},"57":{"start":{"line":118,"column":4},"end":{"line":118,"column":null}},"58":{"start":{"line":119,"column":2},"end":{"line":119,"column":null}},"59":{"start":{"line":122,"column":0},"end":{"line":126,"column":null}},"60":{"start":{"line":123,"column":13},"end":{"line":123,"column":null}},"61":{"start":{"line":124,"column":2},"end":{"line":124,"column":null}},"62":{"start":{"line":124,"column":25},"end":{"line":124,"column":null}},"63":{"start":{"line":125,"column":2},"end":{"line":125,"column":null}},"64":{"start":{"line":128,"column":0},"end":{"line":132,"column":null}},"65":{"start":{"line":129,"column":13},"end":{"line":129,"column":null}},"66":{"start":{"line":130,"column":2},"end":{"line":130,"column":null}},"67":{"start":{"line":130,"column":25},"end":{"line":130,"column":null}},"68":{"start":{"line":131,"column":2},"end":{"line":131,"column":null}},"69":{"start":{"line":139,"column":15},"end":{"line":139,"column":null}},"70":{"start":{"line":140,"column":12},"end":{"line":140,"column":null}},"71":{"start":{"line":141,"column":15},"end":{"line":141,"column":null}},"72":{"start":{"line":142,"column":28},"end":{"line":142,"column":null}},"73":{"start":{"line":143,"column":14},"end":{"line":143,"column":null}},"74":{"start":{"line":144,"column":2},"end":{"line":144,"column":null}},"75":{"start":{"line":144,"column":11},"end":{"line":144,"column":39}},"76":{"start":{"line":144,"column":39},"end":{"line":144,"column":86}},"77":{"start":{"line":145,"column":22},"end":{"line":145,"column":null}},"78":{"start":{"line":146,"column":16},"end":{"line":149,"column":null}},"79":{"start":{"line":150,"column":14},"end":{"line":150,"column":null}},"80":{"start":{"line":150,"column":31},"end":{"line":150,"column":40}},"81":{"start":{"line":151,"column":2},"end":{"line":160,"column":null}},"82":{"start":{"line":152,"column":16},"end":{"line":152,"column":null}},"83":{"start":{"line":153,"column":19},"end":{"line":156,"column":null}},"84":{"start":{"line":157,"column":64},"end":{"line":157,"column":null}},"85":{"start":{"line":158,"column":4},"end":{"line":158,"column":null}},"86":{"start":{"line":158,"column":28},"end":{"line":158,"column":79}},"87":{"start":{"line":159,"column":4},"end":{"line":159,"column":null}},"88":{"start":{"line":159,"column":28},"end":{"line":159,"column":60}},"89":{"start":{"line":159,"column":60},"end":{"line":159,"column":104}},"90":{"start":{"line":161,"column":2},"end":{"line":164,"column":null}},"91":{"start":{"line":166,"column":0},"end":{"line":166,"column":null}},"92":{"start":{"line":166,"column":62},"end":{"line":166,"column":95}},"93":{"start":{"line":167,"column":0},"end":{"line":167,"column":null}},"94":{"start":{"line":167,"column":59},"end":{"line":167,"column":89}},"95":{"start":{"line":171,"column":13},"end":{"line":171,"column":null}},"96":{"start":{"line":172,"column":2},"end":{"line":172,"column":null}},"97":{"start":{"line":172,"column":24},"end":{"line":172,"column":null}},"98":{"start":{"line":173,"column":19},"end":{"line":175,"column":null}},"99":{"start":{"line":176,"column":2},"end":{"line":176,"column":null}},"100":{"start":{"line":176,"column":15},"end":{"line":176,"column":null}},"101":{"start":{"line":177,"column":27},"end":{"line":177,"column":31}},"102":{"start":{"line":177,"column":56},"end":{"line":177,"column":null}},"103":{"start":{"line":178,"column":2},"end":{"line":185,"column":null}},"104":{"start":{"line":179,"column":4},"end":{"line":179,"column":null}},"105":{"start":{"line":181,"column":4},"end":{"line":184,"column":null}},"106":{"start":{"line":186,"column":2},"end":{"line":186,"column":null}},"107":{"start":{"line":188,"column":0},"end":{"line":188,"column":null}},"108":{"start":{"line":188,"column":66},"end":{"line":188,"column":98}},"109":{"start":{"line":189,"column":0},"end":{"line":189,"column":null}},"110":{"start":{"line":189,"column":63},"end":{"line":189,"column":92}},"111":{"start":{"line":192,"column":0},"end":{"line":200,"column":null}},"112":{"start":{"line":193,"column":13},"end":{"line":193,"column":null}},"113":{"start":{"line":194,"column":15},"end":{"line":194,"column":null}},"114":{"start":{"line":195,"column":16},"end":{"line":195,"column":null}},"115":{"start":{"line":196,"column":2},"end":{"line":198,"column":null}},"116":{"start":{"line":197,"column":4},"end":{"line":197,"column":null}},"117":{"start":{"line":199,"column":2},"end":{"line":199,"column":null}},"118":{"start":{"line":203,"column":0},"end":{"line":219,"column":null}},"119":{"start":{"line":204,"column":13},"end":{"line":204,"column":null}},"120":{"start":{"line":205,"column":2},"end":{"line":217,"column":null}},"121":{"start":{"line":206,"column":21},"end":{"line":206,"column":null}},"122":{"start":{"line":207,"column":17},"end":{"line":207,"column":null}},"123":{"start":{"line":208,"column":4},"end":{"line":212,"column":null}},"124":{"start":{"line":213,"column":4},"end":{"line":216,"column":null}},"125":{"start":{"line":216,"column":20},"end":{"line":216,"column":53}},"126":{"start":{"line":218,"column":2},"end":{"line":218,"column":null}},"127":{"start":{"line":222,"column":0},"end":{"line":232,"column":null}},"128":{"start":{"line":223,"column":33},"end":{"line":230,"column":null}},"129":{"start":{"line":231,"column":2},"end":{"line":231,"column":null}},"130":{"start":{"line":234,"column":0},"end":{"line":238,"column":null}},"131":{"start":{"line":235,"column":13},"end":{"line":235,"column":null}},"132":{"start":{"line":236,"column":2},"end":{"line":236,"column":null}},"133":{"start":{"line":236,"column":25},"end":{"line":236,"column":null}},"134":{"start":{"line":237,"column":2},"end":{"line":237,"column":null}},"135":{"start":{"line":239,"column":0},"end":{"line":243,"column":null}},"136":{"start":{"line":240,"column":13},"end":{"line":240,"column":null}},"137":{"start":{"line":241,"column":2},"end":{"line":241,"column":null}},"138":{"start":{"line":241,"column":25},"end":{"line":241,"column":null}},"139":{"start":{"line":242,"column":2},"end":{"line":242,"column":null}},"140":{"start":{"line":244,"column":0},"end":{"line":256,"column":null}},"141":{"start":{"line":245,"column":13},"end":{"line":245,"column":null}},"142":{"start":{"line":246,"column":2},"end":{"line":254,"column":null}},"143":{"start":{"line":247,"column":14},"end":{"line":249,"column":null}},"144":{"start":{"line":250,"column":4},"end":{"line":253,"column":null}},"145":{"start":{"line":250,"column":14},"end":{"line":253,"column":null}},"146":{"start":{"line":253,"column":20},"end":{"line":253,"column":53}},"147":{"start":{"line":255,"column":2},"end":{"line":255,"column":null}},"148":{"start":{"line":257,"column":0},"end":{"line":261,"column":null}},"149":{"start":{"line":258,"column":13},"end":{"line":258,"column":null}},"150":{"start":{"line":259,"column":2},"end":{"line":259,"column":null}},"151":{"start":{"line":259,"column":25},"end":{"line":259,"column":null}},"152":{"start":{"line":260,"column":2},"end":{"line":260,"column":null}}},"fnMap":{"0":{"name":"(anonymous_0)","decl":{"start":{"line":17,"column":6},"end":{"line":17,"column":15}},"loc":{"start":{"line":17,"column":32},"end":{"line":17,"column":null}},"line":17},"1":{"name":"(anonymous_1)","decl":{"start":{"line":18,"column":6},"end":{"line":18,"column":18}},"loc":{"start":{"line":18,"column":35},"end":{"line":18,"column":null}},"line":18},"2":{"name":"(anonymous_2)","decl":{"start":{"line":22,"column":2},"end":{"line":22,"column":15}},"loc":{"start":{"line":22,"column":34},"end":{"line":22,"column":null}},"line":22},"3":{"name":"(anonymous_3)","decl":{"start":{"line":25,"column":6},"end":{"line":25,"column":16}},"loc":{"start":{"line":25,"column":82},"end":{"line":25,"column":null}},"line":25},"4":{"name":"(anonymous_4)","decl":{"start":{"line":28,"column":16},"end":{"line":28,"column":27}},"loc":{"start":{"line":28,"column":40},"end":{"line":31,"column":1}},"line":28},"5":{"name":"(anonymous_5)","decl":{"start":{"line":33,"column":27},"end":{"line":33,"column":41}},"loc":{"start":{"line":33,"column":54},"end":{"line":40,"column":1}},"line":33},"6":{"name":"(anonymous_6)","decl":{"start":{"line":42,"column":17},"end":{"line":42,"column":29}},"loc":{"start":{"line":42,"column":43},"end":{"line":45,"column":1}},"line":42},"7":{"name":"(anonymous_7)","decl":{"start":{"line":48,"column":41},"end":{"line":48,"column":48}},"loc":{"start":{"line":48,"column":62},"end":{"line":82,"column":1}},"line":48},"8":{"name":"(anonymous_8)","decl":{"start":{"line":85,"column":64},"end":{"line":85,"column":71}},"loc":{"start":{"line":85,"column":84},"end":{"line":101,"column":1}},"line":85},"9":{"name":"(anonymous_9)","decl":{"start":{"line":103,"column":63},"end":{"line":103,"column":70}},"loc":{"start":{"line":103,"column":83},"end":{"line":112,"column":1}},"line":103},"10":{"name":"(anonymous_10)","decl":{"start":{"line":115,"column":55},"end":{"line":115,"column":62}},"loc":{"start":{"line":115,"column":75},"end":{"line":120,"column":1}},"line":115},"11":{"name":"(anonymous_11)","decl":{"start":{"line":122,"column":57},"end":{"line":122,"column":64}},"loc":{"start":{"line":122,"column":77},"end":{"line":126,"column":1}},"line":122},"12":{"name":"(anonymous_12)","decl":{"start":{"line":128,"column":57},"end":{"line":128,"column":64}},"loc":{"start":{"line":128,"column":77},"end":{"line":132,"column":1}},"line":128},"13":{"name":"renderCatalog","decl":{"start":{"line":138,"column":15},"end":{"line":138,"column":29}},"loc":{"start":{"line":138,"column":118},"end":{"line":165,"column":null}},"line":138},"14":{"name":"(anonymous_14)","decl":{"start":{"line":150,"column":20},"end":{"line":150,"column":25}},"loc":{"start":{"line":150,"column":31},"end":{"line":150,"column":40}},"line":150},"15":{"name":"(anonymous_15)","decl":{"start":{"line":158,"column":11},"end":{"line":158,"column":20}},"loc":{"start":{"line":158,"column":26},"end":{"line":158,"column":80}},"line":158},"16":{"name":"(anonymous_16)","decl":{"start":{"line":159,"column":10},"end":{"line":159,"column":19}},"loc":{"start":{"line":159,"column":26},"end":{"line":159,"column":105}},"line":159},"17":{"name":"(anonymous_17)","decl":{"start":{"line":166,"column":28},"end":{"line":166,"column":49}},"loc":{"start":{"line":166,"column":62},"end":{"line":166,"column":95}},"line":166},"18":{"name":"(anonymous_18)","decl":{"start":{"line":167,"column":25},"end":{"line":167,"column":46}},"loc":{"start":{"line":167,"column":59},"end":{"line":167,"column":89}},"line":167},"19":{"name":"renderManage","decl":{"start":{"line":170,"column":15},"end":{"line":170,"column":28}},"loc":{"start":{"line":170,"column":117},"end":{"line":187,"column":null}},"line":170},"20":{"name":"(anonymous_20)","decl":{"start":{"line":188,"column":32},"end":{"line":188,"column":53}},"loc":{"start":{"line":188,"column":66},"end":{"line":188,"column":98}},"line":188},"21":{"name":"(anonymous_21)","decl":{"start":{"line":189,"column":29},"end":{"line":189,"column":50}},"loc":{"start":{"line":189,"column":63},"end":{"line":189,"column":92}},"line":189},"22":{"name":"(anonymous_22)","decl":{"start":{"line":192,"column":61},"end":{"line":192,"column":68}},"loc":{"start":{"line":192,"column":81},"end":{"line":200,"column":1}},"line":192},"23":{"name":"(anonymous_23)","decl":{"start":{"line":203,"column":90},"end":{"line":203,"column":97}},"loc":{"start":{"line":203,"column":110},"end":{"line":219,"column":1}},"line":203},"24":{"name":"(anonymous_24)","decl":{"start":{"line":216,"column":7},"end":{"line":216,"column":14}},"loc":{"start":{"line":216,"column":20},"end":{"line":216,"column":53}},"line":216},"25":{"name":"(anonymous_25)","decl":{"start":{"line":222,"column":48},"end":{"line":222,"column":55}},"loc":{"start":{"line":222,"column":69},"end":{"line":232,"column":1}},"line":222},"26":{"name":"(anonymous_26)","decl":{"start":{"line":234,"column":61},"end":{"line":234,"column":68}},"loc":{"start":{"line":234,"column":81},"end":{"line":238,"column":1}},"line":234},"27":{"name":"(anonymous_27)","decl":{"start":{"line":239,"column":60},"end":{"line":239,"column":67}},"loc":{"start":{"line":239,"column":80},"end":{"line":243,"column":1}},"line":239},"28":{"name":"(anonymous_28)","decl":{"start":{"line":244,"column":65},"end":{"line":244,"column":72}},"loc":{"start":{"line":244,"column":85},"end":{"line":256,"column":1}},"line":244},"29":{"name":"(anonymous_29)","decl":{"start":{"line":253,"column":7},"end":{"line":253,"column":14}},"loc":{"start":{"line":253,"column":20},"end":{"line":253,"column":53}},"line":253},"30":{"name":"(anonymous_30)","decl":{"start":{"line":257,"column":64},"end":{"line":257,"column":71}},"loc":{"start":{"line":257,"column":84},"end":{"line":261,"column":1}},"line":257}},"branchMap":{"0":{"loc":{"start":{"line":17,"column":45},"end":{"line":17,"column":55}},"type":"binary-expr","locations":[{"start":{"line":17,"column":45},"end":{"line":17,"column":53}},{"start":{"line":17,"column":53},"end":{"line":17,"column":55}}],"line":17},"1":{"loc":{"start":{"line":25,"column":82},"end":{"line":25,"column":null}},"type":"binary-expr","locations":[{"start":{"line":25,"column":82},"end":{"line":25,"column":104}},{"start":{"line":25,"column":104},"end":{"line":25,"column":null}}],"line":25},"2":{"loc":{"start":{"line":29,"column":2},"end":{"line":29,"column":null}},"type":"if","locations":[{"start":{"line":29,"column":2},"end":{"line":29,"column":null}},{"start":{},"end":{}}],"line":29},"3":{"loc":{"start":{"line":34,"column":2},"end":{"line":36,"column":null}},"type":"if","locations":[{"start":{"line":34,"column":2},"end":{"line":36,"column":null}},{"start":{},"end":{}}],"line":34},"4":{"loc":{"start":{"line":34,"column":13},"end":{"line":34,"column":37}},"type":"binary-expr","locations":[{"start":{"line":34,"column":13},"end":{"line":34,"column":35}},{"start":{"line":34,"column":35},"end":{"line":34,"column":37}}],"line":34},"5":{"loc":{"start":{"line":88,"column":2},"end":{"line":88,"column":null}},"type":"if","locations":[{"start":{"line":88,"column":2},"end":{"line":88,"column":null}},{"start":{},"end":{}}],"line":88},"6":{"loc":{"start":{"line":90,"column":2},"end":{"line":96,"column":null}},"type":"if","locations":[{"start":{"line":90,"column":2},"end":{"line":96,"column":null}},{"start":{"line":92,"column":9},"end":{"line":96,"column":null}}],"line":90},"7":{"loc":{"start":{"line":92,"column":9},"end":{"line":96,"column":null}},"type":"if","locations":[{"start":{"line":92,"column":9},"end":{"line":96,"column":null}},{"start":{"line":94,"column":9},"end":{"line":96,"column":null}}],"line":92},"8":{"loc":{"start":{"line":94,"column":9},"end":{"line":96,"column":null}},"type":"if","locations":[{"start":{"line":94,"column":9},"end":{"line":96,"column":null}},{"start":{},"end":{}}],"line":94},"9":{"loc":{"start":{"line":97,"column":2},"end":{"line":97,"column":null}},"type":"if","locations":[{"start":{"line":97,"column":2},"end":{"line":97,"column":null}},{"start":{},"end":{}}],"line":97},"10":{"loc":{"start":{"line":97,"column":6},"end":{"line":97,"column":25}},"type":"binary-expr","locations":[{"start":{"line":97,"column":6},"end":{"line":97,"column":14}},{"start":{"line":97,"column":14},"end":{"line":97,"column":25}}],"line":97},"11":{"loc":{"start":{"line":98,"column":32},"end":{"line":98,"column":70}},"type":"binary-expr","locations":[{"start":{"line":98,"column":32},"end":{"line":98,"column":44}},{"start":{"line":98,"column":44},"end":{"line":98,"column":70}}],"line":98},"12":{"loc":{"start":{"line":99,"column":90},"end":{"line":99,"column":112}},"type":"binary-expr","locations":[{"start":{"line":99,"column":90},"end":{"line":99,"column":106}},{"start":{"line":99,"column":106},"end":{"line":99,"column":112}}],"line":99},"13":{"loc":{"start":{"line":106,"column":2},"end":{"line":110,"column":null}},"type":"if","locations":[{"start":{"line":106,"column":2},"end":{"line":110,"column":null}},{"start":{},"end":{}}],"line":106},"14":{"loc":{"start":{"line":107,"column":4},"end":{"line":109,"column":null}},"type":"if","locations":[{"start":{"line":107,"column":4},"end":{"line":109,"column":null}},{"start":{"line":108,"column":9},"end":{"line":109,"column":null}}],"line":107},"15":{"loc":{"start":{"line":108,"column":9},"end":{"line":109,"column":null}},"type":"if","locations":[{"start":{"line":108,"column":9},"end":{"line":109,"column":null}},{"start":{"line":109,"column":9},"end":{"line":109,"column":null}}],"line":108},"16":{"loc":{"start":{"line":109,"column":9},"end":{"line":109,"column":null}},"type":"if","locations":[{"start":{"line":109,"column":9},"end":{"line":109,"column":null}},{"start":{},"end":{}}],"line":109},"17":{"loc":{"start":{"line":117,"column":2},"end":{"line":118,"column":null}},"type":"if","locations":[{"start":{"line":117,"column":2},"end":{"line":118,"column":null}},{"start":{},"end":{}}],"line":117},"18":{"loc":{"start":{"line":124,"column":2},"end":{"line":124,"column":null}},"type":"if","locations":[{"start":{"line":124,"column":2},"end":{"line":124,"column":null}},{"start":{},"end":{}}],"line":124},"19":{"loc":{"start":{"line":130,"column":2},"end":{"line":130,"column":null}},"type":"if","locations":[{"start":{"line":130,"column":2},"end":{"line":130,"column":null}},{"start":{},"end":{}}],"line":130},"20":{"loc":{"start":{"line":139,"column":15},"end":{"line":139,"column":null}},"type":"cond-expr","locations":[{"start":{"line":139,"column":35},"end":{"line":139,"column":48}},{"start":{"line":139,"column":48},"end":{"line":139,"column":null}}],"line":139},"21":{"loc":{"start":{"line":140,"column":19},"end":{"line":140,"column":36}},"type":"binary-expr","locations":[{"start":{"line":140,"column":19},"end":{"line":140,"column":34}},{"start":{"line":140,"column":34},"end":{"line":140,"column":36}}],"line":140},"22":{"loc":{"start":{"line":141,"column":27},"end":{"line":141,"column":75}},"type":"binary-expr","locations":[{"start":{"line":141,"column":27},"end":{"line":141,"column":74}},{"start":{"line":141,"column":74},"end":{"line":141,"column":75}}],"line":141},"23":{"loc":{"start":{"line":141,"column":43},"end":{"line":141,"column":64}},"type":"binary-expr","locations":[{"start":{"line":141,"column":43},"end":{"line":141,"column":61}},{"start":{"line":141,"column":61},"end":{"line":141,"column":64}}],"line":141},"24":{"loc":{"start":{"line":144,"column":2},"end":{"line":144,"column":null}},"type":"if","locations":[{"start":{"line":144,"column":2},"end":{"line":144,"column":null}},{"start":{},"end":{}}],"line":144},"25":{"loc":{"start":{"line":151,"column":2},"end":{"line":160,"column":null}},"type":"if","locations":[{"start":{"line":151,"column":2},"end":{"line":160,"column":null}},{"start":{},"end":{}}],"line":151},"26":{"loc":{"start":{"line":152,"column":16},"end":{"line":152,"column":null}},"type":"cond-expr","locations":[{"start":{"line":152,"column":36},"end":{"line":152,"column":48}},{"start":{"line":152,"column":48},"end":{"line":152,"column":null}}],"line":152},"27":{"loc":{"start":{"line":159,"column":35},"end":{"line":159,"column":60}},"type":"binary-expr","locations":[{"start":{"line":159,"column":35},"end":{"line":159,"column":57}},{"start":{"line":159,"column":57},"end":{"line":159,"column":60}}],"line":159},"28":{"loc":{"start":{"line":159,"column":73},"end":{"line":159,"column":104}},"type":"binary-expr","locations":[{"start":{"line":159,"column":73},"end":{"line":159,"column":101}},{"start":{"line":159,"column":101},"end":{"line":159,"column":104}}],"line":159},"29":{"loc":{"start":{"line":162,"column":11},"end":{"line":162,"column":null}},"type":"cond-expr","locations":[{"start":{"line":162,"column":31},"end":{"line":162,"column":44}},{"start":{"line":162,"column":44},"end":{"line":162,"column":null}}],"line":162},"30":{"loc":{"start":{"line":172,"column":2},"end":{"line":172,"column":null}},"type":"if","locations":[{"start":{"line":172,"column":2},"end":{"line":172,"column":null}},{"start":{},"end":{}}],"line":172},"31":{"loc":{"start":{"line":176,"column":2},"end":{"line":176,"column":null}},"type":"if","locations":[{"start":{"line":176,"column":2},"end":{"line":176,"column":null}},{"start":{},"end":{}}],"line":176},"32":{"loc":{"start":{"line":178,"column":2},"end":{"line":185,"column":null}},"type":"if","locations":[{"start":{"line":178,"column":2},"end":{"line":185,"column":null}},{"start":{"line":180,"column":9},"end":{"line":185,"column":null}}],"line":178},"33":{"loc":{"start":{"line":194,"column":37},"end":{"line":194,"column":56}},"type":"binary-expr","locations":[{"start":{"line":194,"column":37},"end":{"line":194,"column":54}},{"start":{"line":194,"column":54},"end":{"line":194,"column":56}}],"line":194},"34":{"loc":{"start":{"line":195,"column":16},"end":{"line":195,"column":null}},"type":"binary-expr","locations":[{"start":{"line":195,"column":16},"end":{"line":195,"column":70}},{"start":{"line":195,"column":70},"end":{"line":195,"column":null}}],"line":195},"35":{"loc":{"start":{"line":195,"column":23},"end":{"line":195,"column":44}},"type":"binary-expr","locations":[{"start":{"line":195,"column":23},"end":{"line":195,"column":42}},{"start":{"line":195,"column":42},"end":{"line":195,"column":44}}],"line":195},"36":{"loc":{"start":{"line":196,"column":2},"end":{"line":198,"column":null}},"type":"if","locations":[{"start":{"line":196,"column":2},"end":{"line":198,"column":null}},{"start":{},"end":{}}],"line":196},"37":{"loc":{"start":{"line":196,"column":6},"end":{"line":196,"column":33}},"type":"binary-expr","locations":[{"start":{"line":196,"column":6},"end":{"line":196,"column":27}},{"start":{"line":196,"column":27},"end":{"line":196,"column":33}}],"line":196},"38":{"loc":{"start":{"line":205,"column":2},"end":{"line":217,"column":null}},"type":"if","locations":[{"start":{"line":205,"column":2},"end":{"line":217,"column":null}},{"start":{},"end":{}}],"line":205},"39":{"loc":{"start":{"line":205,"column":6},"end":{"line":205,"column":37}},"type":"binary-expr","locations":[{"start":{"line":205,"column":6},"end":{"line":205,"column":27}},{"start":{"line":205,"column":27},"end":{"line":205,"column":37}}],"line":205},"40":{"loc":{"start":{"line":211,"column":72},"end":{"line":211,"column":84}},"type":"binary-expr","locations":[{"start":{"line":211,"column":72},"end":{"line":211,"column":80}},{"start":{"line":211,"column":80},"end":{"line":211,"column":84}}],"line":211},"41":{"loc":{"start":{"line":214,"column":36},"end":{"line":214,"column":54}},"type":"binary-expr","locations":[{"start":{"line":214,"column":36},"end":{"line":214,"column":44}},{"start":{"line":214,"column":44},"end":{"line":214,"column":54}}],"line":214},"42":{"loc":{"start":{"line":236,"column":2},"end":{"line":236,"column":null}},"type":"if","locations":[{"start":{"line":236,"column":2},"end":{"line":236,"column":null}},{"start":{},"end":{}}],"line":236},"43":{"loc":{"start":{"line":241,"column":2},"end":{"line":241,"column":null}},"type":"if","locations":[{"start":{"line":241,"column":2},"end":{"line":241,"column":null}},{"start":{},"end":{}}],"line":241},"44":{"loc":{"start":{"line":246,"column":2},"end":{"line":254,"column":null}},"type":"if","locations":[{"start":{"line":246,"column":2},"end":{"line":254,"column":null}},{"start":{},"end":{}}],"line":246},"45":{"loc":{"start":{"line":250,"column":4},"end":{"line":253,"column":null}},"type":"if","locations":[{"start":{"line":250,"column":4},"end":{"line":253,"column":null}},{"start":{},"end":{}}],"line":250},"46":{"loc":{"start":{"line":251,"column":41},"end":{"line":251,"column":79}},"type":"binary-expr","locations":[{"start":{"line":251,"column":41},"end":{"line":251,"column":64}},{"start":{"line":251,"column":64},"end":{"line":251,"column":79}}],"line":251},"47":{"loc":{"start":{"line":259,"column":2},"end":{"line":259,"column":null}},"type":"if","locations":[{"start":{"line":259,"column":2},"end":{"line":259,"column":null}},{"start":{},"end":{}}],"line":259}},"s":{"0":0,"1":0,"2":0,"3":0,"4":0,"5":0,"6":0,"7":0,"8":0,"9":0,"10":0,"11":0,"12":0,"13":0,"14":0,"15":0,"16":0,"17":0,"18":0,"19":0,"20":0,"21":0,"22":0,"23":0,"24":0,"25":0,"26":0,"27":0,"28":0,"29":0,"30":0,"31":0,"32":0,"33":0,"34":0,"35":0,"36":0,"37":0,"38":0,"39":0,"40":0,"41":0,"42":0,"43":0,"44":0,"45":0,"46":0,"47":0,"48":0,"49":0,"50":0,"51":0,"52":0,"53":0,"54":0,"55":0,"56":0,"57":0,"58":0,"59":0,"60":0,"61":0,"62":0,"63":0,"64":0,"65":0,"66":0,"67":0,"68":0,"69":0,"70":0,"71":0,"72":0,"73":0,"74":0,"75":0,"76":0,"77":0,"78":0,"79":0,"80":0,"81":0,"82":0,"83":0,"84":0,"85":0,"86":0,"87":0,"88":0,"89":0,"90":0,"91":0,"92":0,"93":0,"94":0,"95":0,"96":0,"97":0,"98":0,"99":0,"100":0,"101":0,"102":0,"103":0,"104":0,"105":0,"106":0,"107":0,"108":0,"109":0,"110":0,"111":0,"112":0,"113":0,"114":0,"115":0,"116":0,"117":0,"118":0,"119":0,"120":0,"121":0,"122":0,"123":0,"124":0,"125":0,"126":0,"127":0,"128":0,"129":0,"130":0,"131":0,"132":0,"133":0,"134":0,"135":0,"136":0,"137":0,"138":0,"139":0,"140":0,"141":0,"142":0,"143":0,"144":0,"145":0,"146":0,"147":0,"148":0,"149":0,"150":0,"151":0,"152":0},"f":{"0":0,"1":0,"2":0,"3":0,"4":0,"5":0,"6":0,"7":0,"8":0,"9":0,"10":0,"11":0,"12":0,"13":0,"14":0,"15":0,"16":0,"17":0,"18":0,"19":0,"20":0,"21":0,"22":0,"23":0,"24":0,"25":0,"26":0,"27":0,"28":0,"29":0,"30":0},"b":{"0":[0,0],"1":[0,0],"2":[0,0],"3":[0,0],"4":[0,0],"5":[0,0],"6":[0,0],"7":[0,0],"8":[0,0],"9":[0,0],"10":[0,0],"11":[0,0],"12":[0,0],"13":[0,0],"14":[0,0],"15":[0,0],"16":[0,0],"17":[0,0],"18":[0,0],"19":[0,0],"20":[0,0],"21":[0,0],"22":[0,0],"23":[0,0],"24":[0,0],"25":[0,0],"26":[0,0],"27":[0,0],"28":[0,0],"29":[0,0],"30":[0,0],"31":[0,0],"32":[0,0],"33":[0,0],"34":[0,0],"35":[0,0],"36":[0,0],"37":[0,0],"38":[0,0],"39":[0,0],"40":[0,0],"41":[0,0],"42":[0,0],"43":[0,0],"44":[0,0],"45":[0,0],"46":[0,0],"47":[0,0]},"meta":{"lastBranch":48,"lastFunction":31,"lastStatement":153,"seen":{"s:13:27:13:34":0,"s:16:16:16:Infinity":1,"s:17:6:17:Infinity":2,"f:17:6:17:15":0,"s:17:32:17:Infinity":3,"b:17:45:17:53:17:53:17:55":0,"s:18:6:18:Infinity":4,"f:18:6:18:18":1,"s:18:35:18:Infinity":5,"s:19:20:23:Infinity":6,"f:22:2:22:15":2,"s:22:34:22:Infinity":7,"s:24:18:24:Infinity":8,"s:25:6:25:Infinity":9,"f:25:6:25:16":3,"s:25:82:25:Infinity":10,"b:25:82:25:104:25:104:25:Infinity":1,"s:28:0:31:Infinity":11,"f:28:16:28:27":4,"b:29:2:29:Infinity:undefined:undefined:undefined:undefined":2,"s:29:2:29:Infinity":12,"s:29:26:29:Infinity":13,"s:30:2:30:Infinity":14,"s:33:0:40:Infinity":15,"f:33:27:33:41":5,"b:34:2:36:Infinity:undefined:undefined:undefined:undefined":3,"s:34:2:36:Infinity":16,"b:34:13:34:35:34:35:34:37":4,"s:35:4:35:Infinity":17,"s:37:16:37:Infinity":18,"s:38:2:38:Infinity":19,"s:39:2:39:Infinity":20,"s:42:0:45:Infinity":21,"f:42:17:42:29":6,"s:43:2:43:Infinity":22,"s:44:2:44:Infinity":23,"s:48:0:82:Infinity":24,"f:48:41:48:48":7,"s:49:41:80:Infinity":25,"s:81:2:81:Infinity":26,"s:85:0:101:Infinity":27,"f:85:64:85:71":8,"s:86:13:86:Infinity":28,"s:87:15:87:Infinity":29,"b:88:2:88:Infinity:undefined:undefined:undefined:undefined":5,"s:88:2:88:Infinity":30,"s:88:24:88:Infinity":31,"b:90:2:96:Infinity:92:9:96:Infinity":6,"s:90:2:96:Infinity":32,"s:91:4:91:Infinity":33,"b:92:9:96:Infinity:94:9:96:Infinity":7,"s:92:9:96:Infinity":34,"s:93:4:93:Infinity":35,"b:94:9:96:Infinity:undefined:undefined:undefined:undefined":8,"s:94:9:96:Infinity":36,"s:95:4:95:Infinity":37,"b:97:2:97:Infinity:undefined:undefined:undefined:undefined":9,"s:97:2:97:Infinity":38,"b:97:6:97:14:97:14:97:25":10,"s:97:25:97:Infinity":39,"s:98:2:98:Infinity":40,"b:98:32:98:44:98:44:98:70":11,"s:99:2:99:Infinity":41,"b:99:90:99:106:99:106:99:112":12,"s:100:2:100:Infinity":42,"s:103:0:112:Infinity":43,"f:103:63:103:70":9,"s:104:13:104:Infinity":44,"s:105:15:105:Infinity":45,"b:106:2:110:Infinity:undefined:undefined:undefined:undefined":13,"s:106:2:110:Infinity":46,"b:107:4:109:Infinity:108:9:109:Infinity":14,"s:107:4:109:Infinity":47,"s:107:31:107:Infinity":48,"b:108:9:109:Infinity:109:9:109:Infinity":15,"s:108:9:109:Infinity":49,"s:108:36:108:Infinity":50,"b:109:9:109:Infinity:undefined:undefined:undefined:undefined":16,"s:109:9:109:Infinity":51,"s:109:34:109:Infinity":52,"s:111:2:111:Infinity":53,"s:115:0:120:Infinity":54,"f:115:55:115:62":10,"s:116:13:116:Infinity":55,"b:117:2:118:Infinity:undefined:undefined:undefined:undefined":17,"s:117:2:118:Infinity":56,"s:118:4:118:Infinity":57,"s:119:2:119:Infinity":58,"s:122:0:126:Infinity":59,"f:122:57:122:64":11,"s:123:13:123:Infinity":60,"b:124:2:124:Infinity:undefined:undefined:undefined:undefined":18,"s:124:2:124:Infinity":61,"s:124:25:124:Infinity":62,"s:125:2:125:Infinity":63,"s:128:0:132:Infinity":64,"f:128:57:128:64":12,"s:129:13:129:Infinity":65,"b:130:2:130:Infinity:undefined:undefined:undefined:undefined":19,"s:130:2:130:Infinity":66,"s:130:25:130:Infinity":67,"s:131:2:131:Infinity":68,"f:138:15:138:29":13,"s:139:15:139:Infinity":69,"b:139:35:139:48:139:48:139:Infinity":20,"s:140:12:140:Infinity":70,"b:140:19:140:34:140:34:140:36":21,"s:141:15:141:Infinity":71,"b:141:27:141:74:141:74:141:75":22,"b:141:43:141:61:141:61:141:64":23,"s:142:28:142:Infinity":72,"s:143:14:143:Infinity":73,"b:144:2:144:Infinity:undefined:undefined:undefined:undefined":24,"s:144:2:144:Infinity":74,"s:144:11:144:39":75,"s:144:39:144:86":76,"s:145:22:145:Infinity":77,"s:146:16:149:Infinity":78,"s:150:14:150:Infinity":79,"f:150:20:150:25":14,"s:150:31:150:40":80,"b:151:2:160:Infinity:undefined:undefined:undefined:undefined":25,"s:151:2:160:Infinity":81,"s:152:16:152:Infinity":82,"b:152:36:152:48:152:48:152:Infinity":26,"s:153:19:156:Infinity":83,"s:157:64:157:Infinity":84,"s:158:4:158:Infinity":85,"f:158:11:158:20":15,"s:158:28:158:79":86,"s:159:4:159:Infinity":87,"f:159:10:159:19":16,"s:159:28:159:60":88,"b:159:35:159:57:159:57:159:60":27,"s:159:60:159:104":89,"b:159:73:159:101:159:101:159:104":28,"s:161:2:164:Infinity":90,"b:162:31:162:44:162:44:162:Infinity":29,"s:166:0:166:Infinity":91,"f:166:28:166:49":17,"s:166:62:166:95":92,"s:167:0:167:Infinity":93,"f:167:25:167:46":18,"s:167:59:167:89":94,"f:170:15:170:28":19,"s:171:13:171:Infinity":95,"b:172:2:172:Infinity:undefined:undefined:undefined:undefined":30,"s:172:2:172:Infinity":96,"s:172:24:172:Infinity":97,"s:173:19:175:Infinity":98,"b:176:2:176:Infinity:undefined:undefined:undefined:undefined":31,"s:176:2:176:Infinity":99,"s:176:15:176:Infinity":100,"s:177:27:177:31":101,"s:177:56:177:Infinity":102,"b:178:2:185:Infinity:180:9:185:Infinity":32,"s:178:2:185:Infinity":103,"s:179:4:179:Infinity":104,"s:181:4:184:Infinity":105,"s:186:2:186:Infinity":106,"s:188:0:188:Infinity":107,"f:188:32:188:53":20,"s:188:66:188:98":108,"s:189:0:189:Infinity":109,"f:189:29:189:50":21,"s:189:63:189:92":110,"s:192:0:200:Infinity":111,"f:192:61:192:68":22,"s:193:13:193:Infinity":112,"s:194:15:194:Infinity":113,"b:194:37:194:54:194:54:194:56":33,"s:195:16:195:Infinity":114,"b:195:16:195:70:195:70:195:Infinity":34,"b:195:23:195:42:195:42:195:44":35,"b:196:2:198:Infinity:undefined:undefined:undefined:undefined":36,"s:196:2:198:Infinity":115,"b:196:6:196:27:196:27:196:33":37,"s:197:4:197:Infinity":116,"s:199:2:199:Infinity":117,"s:203:0:219:Infinity":118,"f:203:90:203:97":23,"s:204:13:204:Infinity":119,"b:205:2:217:Infinity:undefined:undefined:undefined:undefined":38,"s:205:2:217:Infinity":120,"b:205:6:205:27:205:27:205:37":39,"s:206:21:206:Infinity":121,"s:207:17:207:Infinity":122,"s:208:4:212:Infinity":123,"b:211:72:211:80:211:80:211:84":40,"s:213:4:216:Infinity":124,"b:214:36:214:44:214:44:214:54":41,"f:216:7:216:14":24,"s:216:20:216:53":125,"s:218:2:218:Infinity":126,"s:222:0:232:Infinity":127,"f:222:48:222:55":25,"s:223:33:230:Infinity":128,"s:231:2:231:Infinity":129,"s:234:0:238:Infinity":130,"f:234:61:234:68":26,"s:235:13:235:Infinity":131,"b:236:2:236:Infinity:undefined:undefined:undefined:undefined":42,"s:236:2:236:Infinity":132,"s:236:25:236:Infinity":133,"s:237:2:237:Infinity":134,"s:239:0:243:Infinity":135,"f:239:60:239:67":27,"s:240:13:240:Infinity":136,"b:241:2:241:Infinity:undefined:undefined:undefined:undefined":43,"s:241:2:241:Infinity":137,"s:241:25:241:Infinity":138,"s:242:2:242:Infinity":139,"s:244:0:256:Infinity":140,"f:244:65:244:72":28,"s:245:13:245:Infinity":141,"b:246:2:254:Infinity:undefined:undefined:undefined:undefined":44,"s:246:2:254:Infinity":142,"s:247:14:249:Infinity":143,"b:250:4:253:Infinity:undefined:undefined:undefined:undefined":45,"s:250:4:253:Infinity":144,"s:250:14:253:Infinity":145,"b:251:41:251:64:251:64:251:79":46,"f:253:7:253:14":29,"s:253:20:253:53":146,"s:255:2:255:Infinity":147,"s:257:0:261:Infinity":148,"f:257:64:257:71":30,"s:258:13:258:Infinity":149,"b:259:2:259:Infinity:undefined:undefined:undefined:undefined":47,"s:259:2:259:Infinity":150,"s:259:25:259:Infinity":151,"s:260:2:260:Infinity":152},"fnNames":{}}}
,"C:\\IT-Learning-Recommender-System - Update\\web\\src\\routes\\api.routes.ts": {"path":"C:\\IT-Learning-Recommender-System - Update\\web\\src\\routes\\api.routes.ts","statementMap":{"0":{"start":{"line":13,"column":25},"end":{"line":13,"column":32}},"1":{"start":{"line":16,"column":0},"end":{"line":56,"column":null}},"2":{"start":{"line":17,"column":2},"end":{"line":22,"column":null}},"3":{"start":{"line":23,"column":2},"end":{"line":23,"column":null}},"4":{"start":{"line":24,"column":2},"end":{"line":24,"column":null}},"5":{"start":{"line":25,"column":2},"end":{"line":25,"column":null}},"6":{"start":{"line":27,"column":14},"end":{"line":27,"column":null}},"7":{"start":{"line":28,"column":20},"end":{"line":28,"column":null}},"8":{"start":{"line":29,"column":17},"end":{"line":29,"column":null}},"9":{"start":{"line":32,"column":2},"end":{"line":40,"column":null}},"10":{"start":{"line":33,"column":20},"end":{"line":33,"column":null}},"11":{"start":{"line":34,"column":4},"end":{"line":37,"column":null}},"12":{"start":{"line":35,"column":6},"end":{"line":35,"column":null}},"13":{"start":{"line":36,"column":6},"end":{"line":36,"column":null}},"14":{"start":{"line":36,"column":31},"end":{"line":36,"column":87}},"15":{"start":{"line":38,"column":19},"end":{"line":38,"column":null}},"16":{"start":{"line":38,"column":43},"end":{"line":38,"column":56}},"17":{"start":{"line":39,"column":4},"end":{"line":39,"column":null}},"18":{"start":{"line":42,"column":15},"end":{"line":42,"column":null}},"19":{"start":{"line":42,"column":35},"end":{"line":42,"column":89}},"20":{"start":{"line":42,"column":41},"end":{"line":42,"column":66}},"21":{"start":{"line":43,"column":2},"end":{"line":55,"column":null}},"22":{"start":{"line":44,"column":4},"end":{"line":44,"column":null}},"23":{"start":{"line":45,"column":4},"end":{"line":45,"column":null}},"24":{"start":{"line":47,"column":4},"end":{"line":54,"column":null}},"25":{"start":{"line":48,"column":6},"end":{"line":53,"column":null}},"26":{"start":{"line":49,"column":8},"end":{"line":49,"column":null}},"27":{"start":{"line":50,"column":24},"end":{"line":50,"column":null}},"28":{"start":{"line":51,"column":19},"end":{"line":51,"column":null}},"29":{"start":{"line":52,"column":8},"end":{"line":52,"column":null}},"30":{"start":{"line":52,"column":33},"end":{"line":52,"column":105}},"31":{"start":{"line":59,"column":19},"end":{"line":63,"column":null}},"32":{"start":{"line":71,"column":2},"end":{"line":71,"column":null}},"33":{"start":{"line":71,"column":17},"end":{"line":71,"column":null}},"34":{"start":{"line":72,"column":15},"end":{"line":72,"column":null}},"35":{"start":{"line":73,"column":2},"end":{"line":93,"column":null}},"36":{"start":{"line":74,"column":16},"end":{"line":74,"column":null}},"37":{"start":{"line":75,"column":4},"end":{"line":78,"column":null}},"38":{"start":{"line":76,"column":18},"end":{"line":76,"column":null}},"39":{"start":{"line":77,"column":6},"end":{"line":77,"column":null}},"40":{"start":{"line":77,"column":23},"end":{"line":77,"column":null}},"41":{"start":{"line":79,"column":4},"end":{"line":85,"column":null}},"42":{"start":{"line":80,"column":20},"end":{"line":80,"column":null}},"43":{"start":{"line":81,"column":19},"end":{"line":83,"column":null}},"44":{"start":{"line":84,"column":6},"end":{"line":84,"column":null}},"45":{"start":{"line":86,"column":4},"end":{"line":86,"column":null}},"46":{"start":{"line":87,"column":4},"end":{"line":87,"column":null}},"47":{"start":{"line":88,"column":4},"end":{"line":88,"column":null}},"48":{"start":{"line":89,"column":4},"end":{"line":89,"column":null}},"49":{"start":{"line":91,"column":4},"end":{"line":91,"column":null}},"50":{"start":{"line":92,"column":4},"end":{"line":92,"column":null}},"51":{"start":{"line":96,"column":0},"end":{"line":118,"column":null}},"52":{"start":{"line":97,"column":17},"end":{"line":97,"column":null}},"53":{"start":{"line":98,"column":2},"end":{"line":98,"column":null}},"54":{"start":{"line":98,"column":23},"end":{"line":98,"column":null}},"55":{"start":{"line":99,"column":53},"end":{"line":99,"column":null}},"56":{"start":{"line":102,"column":2},"end":{"line":106,"column":null}},"57":{"start":{"line":103,"column":4},"end":{"line":103,"column":null}},"58":{"start":{"line":105,"column":4},"end":{"line":105,"column":null}},"59":{"start":{"line":108,"column":17},"end":{"line":108,"column":null}},"60":{"start":{"line":110,"column":2},"end":{"line":117,"column":null}},"61":{"start":{"line":123,"column":0},"end":{"line":182,"column":null}},"62":{"start":{"line":124,"column":17},"end":{"line":124,"column":null}},"63":{"start":{"line":125,"column":2},"end":{"line":125,"column":null}},"64":{"start":{"line":125,"column":23},"end":{"line":125,"column":null}},"65":{"start":{"line":126,"column":53},"end":{"line":126,"column":null}},"66":{"start":{"line":130,"column":2},"end":{"line":134,"column":null}},"67":{"start":{"line":131,"column":4},"end":{"line":131,"column":null}},"68":{"start":{"line":133,"column":4},"end":{"line":133,"column":null}},"69":{"start":{"line":136,"column":2},"end":{"line":141,"column":null}},"70":{"start":{"line":142,"column":2},"end":{"line":142,"column":null}},"71":{"start":{"line":144,"column":8},"end":{"line":144,"column":null}},"72":{"start":{"line":144,"column":32},"end":{"line":144,"column":null}},"73":{"start":{"line":145,"column":13},"end":{"line":145,"column":null}},"74":{"start":{"line":146,"column":24},"end":{"line":146,"column":null}},"75":{"start":{"line":147,"column":15},"end":{"line":147,"column":null}},"76":{"start":{"line":148,"column":2},"end":{"line":169,"column":null}},"77":{"start":{"line":149,"column":19},"end":{"line":149,"column":null}},"78":{"start":{"line":150,"column":16},"end":{"line":150,"column":null}},"79":{"start":{"line":151,"column":14},"end":{"line":151,"column":null}},"80":{"start":{"line":152,"column":4},"end":{"line":166,"column":null}},"81":{"start":{"line":153,"column":30},"end":{"line":153,"column":null}},"82":{"start":{"line":154,"column":6},"end":{"line":154,"column":null}},"83":{"start":{"line":154,"column":16},"end":{"line":154,"column":null}},"84":{"start":{"line":155,"column":6},"end":{"line":155,"column":null}},"85":{"start":{"line":157,"column":6},"end":{"line":165,"column":null}},"86":{"start":{"line":158,"column":21},"end":{"line":158,"column":null}},"87":{"start":{"line":159,"column":8},"end":{"line":159,"column":null}},"88":{"start":{"line":160,"column":8},"end":{"line":160,"column":null}},"89":{"start":{"line":160,"column":40},"end":{"line":160,"column":null}},"90":{"start":{"line":162,"column":8},"end":{"line":162,"column":null}},"91":{"start":{"line":162,"column":14},"end":{"line":162,"column":45}},"92":{"start":{"line":162,"column":55},"end":{"line":162,"column":65}},"93":{"start":{"line":163,"column":8},"end":{"line":164,"column":null}},"94":{"start":{"line":163,"column":33},"end":{"line":163,"column":55}},"95":{"start":{"line":163,"column":55},"end":{"line":163,"column":100}},"96":{"start":{"line":164,"column":13},"end":{"line":164,"column":null}},"97":{"start":{"line":164,"column":38},"end":{"line":164,"column":70}},"98":{"start":{"line":164,"column":70},"end":{"line":164,"column":95}},"99":{"start":{"line":171,"column":17},"end":{"line":171,"column":null}},"100":{"start":{"line":172,"column":2},"end":{"line":180,"column":null}},"101":{"start":{"line":181,"column":2},"end":{"line":181,"column":null}},"102":{"start":{"line":185,"column":0},"end":{"line":191,"column":null}},"103":{"start":{"line":186,"column":15},"end":{"line":189,"column":null}},"104":{"start":{"line":190,"column":2},"end":{"line":190,"column":null}},"105":{"start":{"line":193,"column":0},"end":{"line":198,"column":null}},"106":{"start":{"line":194,"column":13},"end":{"line":194,"column":null}},"107":{"start":{"line":195,"column":2},"end":{"line":195,"column":null}},"108":{"start":{"line":195,"column":24},"end":{"line":195,"column":null}},"109":{"start":{"line":196,"column":2},"end":{"line":196,"column":null}},"110":{"start":{"line":197,"column":2},"end":{"line":197,"column":null}},"111":{"start":{"line":201,"column":19},"end":{"line":205,"column":null}},"112":{"start":{"line":207,"column":0},"end":{"line":224,"column":null}},"113":{"start":{"line":208,"column":17},"end":{"line":208,"column":null}},"114":{"start":{"line":209,"column":2},"end":{"line":209,"column":null}},"115":{"start":{"line":209,"column":23},"end":{"line":209,"column":null}},"116":{"start":{"line":210,"column":56},"end":{"line":210,"column":null}},"117":{"start":{"line":212,"column":17},"end":{"line":212,"column":null}},"118":{"start":{"line":213,"column":2},"end":{"line":213,"column":null}},"119":{"start":{"line":213,"column":22},"end":{"line":213,"column":null}},"120":{"start":{"line":215,"column":15},"end":{"line":222,"column":null}},"121":{"start":{"line":223,"column":2},"end":{"line":223,"column":null}},"122":{"start":{"line":226,"column":0},"end":{"line":231,"column":null}},"123":{"start":{"line":227,"column":13},"end":{"line":227,"column":null}},"124":{"start":{"line":228,"column":2},"end":{"line":228,"column":null}},"125":{"start":{"line":228,"column":24},"end":{"line":228,"column":null}},"126":{"start":{"line":229,"column":2},"end":{"line":229,"column":null}},"127":{"start":{"line":230,"column":2},"end":{"line":230,"column":null}},"128":{"start":{"line":234,"column":16},"end":{"line":234,"column":null}},"129":{"start":{"line":235,"column":16},"end":{"line":235,"column":null}},"130":{"start":{"line":236,"column":6},"end":{"line":236,"column":null}},"131":{"start":{"line":236,"column":32},"end":{"line":236,"column":null}},"132":{"start":{"line":238,"column":6},"end":{"line":238,"column":null}},"133":{"start":{"line":238,"column":35},"end":{"line":238,"column":null}},"134":{"start":{"line":240,"column":15},"end":{"line":244,"column":null}},"135":{"start":{"line":243,"column":34},"end":{"line":243,"column":null}},"136":{"start":{"line":246,"column":0},"end":{"line":271,"column":null}},"137":{"start":{"line":247,"column":19},"end":{"line":247,"column":null}},"138":{"start":{"line":248,"column":2},"end":{"line":248,"column":null}},"139":{"start":{"line":248,"column":30},"end":{"line":248,"column":null}},"140":{"start":{"line":249,"column":2},"end":{"line":249,"column":null}},"141":{"start":{"line":249,"column":17},"end":{"line":249,"column":null}},"142":{"start":{"line":251,"column":17},"end":{"line":251,"column":null}},"143":{"start":{"line":252,"column":2},"end":{"line":252,"column":null}},"144":{"start":{"line":252,"column":22},"end":{"line":252,"column":null}},"145":{"start":{"line":254,"column":19},"end":{"line":254,"column":null}},"146":{"start":{"line":255,"column":15},"end":{"line":255,"column":null}},"147":{"start":{"line":258,"column":19},"end":{"line":258,"column":null}},"148":{"start":{"line":259,"column":15},"end":{"line":263,"column":null}},"149":{"start":{"line":264,"column":2},"end":{"line":264,"column":null}},"150":{"start":{"line":264,"column":17},"end":{"line":264,"column":null}},"151":{"start":{"line":266,"column":2},"end":{"line":269,"column":null}},"152":{"start":{"line":269,"column":18},"end":{"line":269,"column":51}},"153":{"start":{"line":270,"column":2},"end":{"line":270,"column":null}},"154":{"start":{"line":273,"column":0},"end":{"line":283,"column":null}},"155":{"start":{"line":274,"column":13},"end":{"line":274,"column":null}},"156":{"start":{"line":275,"column"
[...]
nd":{"line":53,"column":null}},"type":"binary-expr","locations":[{"start":{"line":53,"column":17},"end":{"line":53,"column":33}},{"start":{"line":53,"column":33},"end":{"line":53,"column":null}}],"line":53},"5":{"loc":{"start":{"line":54,"column":15},"end":{"line":54,"column":null}},"type":"cond-expr","locations":[{"start":{"line":54,"column":31},"end":{"line":54,"column":64}},{"start":{"line":54,"column":64},"end":{"line":54,"column":null}}],"line":54},"6":{"loc":{"start":{"line":54,"column":31},"end":{"line":54,"column":64}},"type":"binary-expr","locations":[{"start":{"line":54,"column":31},"end":{"line":54,"column":57}},{"start":{"line":54,"column":57},"end":{"line":54,"column":64}}],"line":54}},"s":{"0":0,"1":0,"2":0,"3":0,"4":0,"5":0,"6":0,"7":0,"8":0,"9":0,"10":0,"11":0,"12":0,"13":0,"14":0,"15":0,"16":0,"17":0,"18":0,"19":0,"20":0,"21":0,"22":0,"23":0,"24":0,"25":0,"26":0,"27":0,"28":0},"f":{"0":0,"1":0,"2":0,"3":0,"4":0,"5":0,"6":0},"b":{"0":[0,0],"1":[0,0],"2":[0,0],"3":[0,0],"4":[0,0],"5":[0,0],"6":[0,0]},"meta":{"lastBranch":7,"lastFunction":7,"lastStatement":29,"seen":{"f:7:22:7:33":0,"s:8:28:8:Infinity":0,"s:9:14:9:Infinity":1,"b:10:2:11:Infinity:11:7:11:Infinity":0,"s:10:2:11:Infinity":2,"s:10:24:10:45":3,"s:10:45:10:72":4,"b:11:7:11:Infinity:undefined:undefined:undefined:undefined":1,"s:11:7:11:Infinity":5,"s:11:35:11:62":6,"s:11:62:11:94":7,"s:13:16:25:Infinity":8,"b:26:2:26:Infinity:undefined:undefined:undefined:undefined":2,"s:26:2:26:Infinity":9,"s:26:21:26:Infinity":10,"s:29:20:29:Infinity":11,"f:29:26:29:34":1,"s:29:40:29:53":12,"f:29:55:29:60":2,"s:29:66:29:79":13,"s:30:46:30:Infinity":14,"b:31:2:39:Infinity:undefined:undefined:undefined:undefined":3,"s:31:2:39:Infinity":15,"s:32:15:37:Infinity":16,"s:38:4:38:Infinity":17,"f:38:7:38:16":3,"s:38:24:38:43":18,"s:42:14:42:Infinity":19,"f:42:20:42:25":4,"s:42:31:42:35":20,"s:43:19:48:Infinity":21,"s:49:47:49:Infinity":22,"s:50:2:50:Infinity":23,"f:50:11:50:20":5,"s:50:28:50:64":24,"s:52:2:55:Infinity":25,"f:52:8:52:17":6,"s:53:4:53:Infinity":26,"b:53:17:53:33:53:33:53:Infinity":4,"s:54:4:54:Infinity":27,"b:54:31:54:64:54:64:54:Infinity":5,"b:54:31:54:57:54:57:54:64":6,"s:56:2:56:Infinity":28},"fnNames":{}}}
,"C:\\IT-Learning-Recommender-System - Update\\web\\src\\services\\realtime.ts": {"path":"C:\\IT-Learning-Recommender-System - Update\\web\\src\\services\\realtime.ts","statementMap":{"0":{"start":{"line":18,"column":16},"end":{"line":18,"column":null}},"1":{"start":{"line":22,"column":20},"end":{"line":22,"column":null}},"2":{"start":{"line":23,"column":2},"end":{"line":23,"column":null}},"3":{"start":{"line":24,"column":2},"end":{"line":24,"column":null}},"4":{"start":{"line":24,"column":15},"end":{"line":24,"column":null}},"5":{"start":{"line":28,"column":2},"end":{"line":33,"column":null}},"6":{"start":{"line":29,"column":4},"end":{"line":29,"column":null}},"7":{"start":{"line":30,"column":4},"end":{"line":30,"column":null}},"8":{"start":{"line":38,"column":2},"end":{"line":38,"column":null}},"9":{"start":{"line":38,"column":27},"end":{"line":38,"column":null}},"10":{"start":{"line":38,"column":52},"end":{"line":38,"column":null}},"11":{"start":{"line":43,"column":2},"end":{"line":43,"column":null}},"12":{"start":{"line":43,"column":27},"end":{"line":43,"column":null}},"13":{"start":{"line":43,"column":58},"end":{"line":43,"column":null}},"14":{"start":{"line":48,"column":2},"end":{"line":48,"column":null}},"15":{"start":{"line":53,"column":2},"end":{"line":53,"column":null}},"16":{"start":{"line":53,"column":27},"end":{"line":53,"column":null}},"17":{"start":{"line":53,"column":52},"end":{"line":53,"column":null}},"18":{"start":{"line":54,"column":2},"end":{"line":54,"column":null}}},"fnMap":{"0":{"name":"addClient","decl":{"start":{"line":21,"column":16},"end":{"line":21,"column":26}},"loc":{"start":{"line":21,"column":69},"end":{"line":25,"column":null}},"line":21},"1":{"name":"(anonymous_1)","decl":{"start":{"line":24,"column":2},"end":{"line":24,"column":15}},"loc":{"start":{"line":24,"column":15},"end":{"line":24,"column":null}},"line":24},"2":{"name":"write","decl":{"start":{"line":27,"column":9},"end":{"line":27,"column":15}},"loc":{"start":{"line":27,"column":66},"end":{"line":34,"column":null}},"line":27},"3":{"name":"sendToUser","decl":{"start":{"line":37,"column":16},"end":{"line":37,"column":27}},"loc":{"start":{"line":37,"column":79},"end":{"line":39,"column":null}},"line":37},"4":{"name":"broadcast","decl":{"start":{"line":42,"column":16},"end":{"line":42,"column":26}},"loc":{"start":{"line":42,"column":85},"end":{"line":44,"column":null}},"line":42},"5":{"name":"liveCount","decl":{"start":{"line":47,"column":16},"end":{"line":47,"column":36}},"loc":{"start":{"line":47,"column":36},"end":{"line":49,"column":null}},"line":47},"6":{"name":"isOnline","decl":{"start":{"line":52,"column":16},"end":{"line":52,"column":25}},"loc":{"start":{"line":52,"column":50},"end":{"line":55,"column":null}},"line":52}},"branchMap":{"0":{"loc":{"start":{"line":38,"column":27},"end":{"line":38,"column":null}},"type":"if","locations":[{"start":{"line":38,"column":27},"end":{"line":38,"column":null}},{"start":{},"end":{}}],"line":38},"1":{"loc":{"start":{"line":43,"column":27},"end":{"line":43,"column":null}},"type":"if","locations":[{"start":{"line":43,"column":27},"end":{"line":43,"column":null}},{"start":{},"end":{}}],"line":43},"2":{"loc":{"start":{"line":53,"column":27},"end":{"line":53,"column":null}},"type":"if","locations":[{"start":{"line":53,"column":27},"end":{"line":53,"column":null}},{"start":{},"end":{}}],"line":53}},"s":{"0":0,"1":0,"2":0,"3":0,"4":0,"5":0,"6":0,"7":0,"8":0,"9":0,"10":0,"11":0,"12":0,"13":0,"14":0,"15":0,"16":0,"17":0,"18":0},"f":{"0":0,"1":0,"2":0,"3":0,"4":0,"5":0,"6":0},"b":{"0":[0,0],"1":[0,0],"2":[0,0]},"meta":{"lastBranch":3,"lastFunction":7,"lastStatement":19,"seen":{"s:18:16:18:Infinity":0,"f:21:16:21:26":0,"s:22:20:22:Infinity":1,"s:23:2:23:Infinity":2,"s:24:2:24:Infinity":3,"f:24:2:24:15":1,"s:24:15:24:Infinity":4,"f:27:9:27:15":2,"s:28:2:33:Infinity":5,"s:29:4:29:Infinity":6,"s:30:4:30:Infinity":7,"f:37:16:37:27":3,"s:38:2:38:Infinity":8,"b:38:27:38:Infinity:undefined:undefined:undefined:undefined":0,"s:38:27:38:Infinity":9,"s:38:52:38:Infinity":10,"f:42:16:42:26":4,"s:43:2:43:Infinity":11,"b:43:27:43:Infinity:undefined:undefined:undefined:undefined":1,"s:43:27:43:Infinity":12,"s:43:58:43:Infinity":13,"f:47:16:47:36":5,"s:48:2:48:Infinity":14,"f:52:16:52:25":6,"s:53:2:53:Infinity":15,"b:53:27:53:Infinity:undefined:undefined:undefined:undefined":2,"s:53:27:53:Infinity":16,"s:53:52:53:Infinity":17,"s:54:2:54:Infinity":18},"fnNames":{}}}
,"C:\\IT-Learning-Recommender-System - Update\\web\\src\\services\\recommender.ts": {"path":"C:\\IT-Learning-Recommender-System - Update\\web\\src\\services\\recommender.ts","statementMap":{"0":{"start":{"line":41,"column":24},"end":{"line":41,"column":null}},"1":{"start":{"line":42,"column":21},"end":{"line":42,"column":null}},"2":{"start":{"line":45,"column":15},"end":{"line":45,"column":null}},"3":{"start":{"line":46,"column":16},"end":{"line":46,"column":null}},"4":{"start":{"line":46,"column":33},"end":{"line":46,"column":47}},"5":{"start":{"line":47,"column":2},"end":{"line":59,"column":null}},"6":{"start":{"line":48,"column":16},"end":{"line":52,"column":null}},"7":{"start":{"line":53,"column":4},"end":{"line":55,"column":null}},"8":{"start":{"line":54,"column":6},"end":{"line":54,"column":null}},"9":{"start":{"line":56,"column":4},"end":{"line":56,"column":null}},"10":{"start":{"line":58,"column":4},"end":{"line":58,"column":null}},"11":{"start":{"line":63,"column":2},"end":{"line":63,"column":null}},"12":{"start":{"line":66,"column":27},"end":{"line":96,"column":null}},"13":{"start":{"line":68,"column":4},"end":{"line":68,"column":null}},"14":{"start":{"line":71,"column":4},"end":{"line":71,"column":null}},"15":{"start":{"line":76,"column":17},"end":{"line":76,"column":null}},"16":{"start":{"line":77,"column":4},"end":{"line":77,"column":null}},"17":{"start":{"line":77,"column":21},"end":{"line":77,"column":35}},"18":{"start":{"line":78,"column":16},"end":{"line":83,"column":null}},"19":{"start":{"line":84,"column":4},"end":{"line":84,"column":null}},"20":{"start":{"line":84,"column":30},"end":{"line":84,"column":null}},"21":{"start":{"line":85,"column":4},"end":{"line":85,"column":null}},"22":{"start":{"line":88,"column":4},"end":{"line":88,"column":null}},"23":{"start":{"line":91,"column":4},"end":{"line":91,"column":null}},"24":{"start":{"line":94,"column":4},"end":{"line":94,"column":null}}},"fnMap":{"0":{"name":"call","decl":{"start":{"line":44,"column":15},"end":{"line":44,"column":23}},"loc":{"start":{"line":44,"column":98},"end":{"line":60,"column":null}},"line":44},"1":{"name":"(anonymous_1)","decl":{"start":{"line":46,"column":16},"end":{"line":46,"column":33}},"loc":{"start":{"line":46,"column":33},"end":{"line":46,"column":47}},"line":46},"2":{"name":"post","decl":{"start":{"line":62,"column":9},"end":{"line":62,"column":17}},"loc":{"start":{"line":62,"column":87},"end":{"line":64,"column":null}},"line":62},"3":{"name":"search","decl":{"start":{"line":67,"column":2},"end":{"line":67,"column":9}},"loc":{"start":{"line":67,"column":82},"end":{"line":69,"column":null}},"line":67},"4":{"name":"chat","decl":{"start":{"line":70,"column":2},"end":{"line":70,"column":7}},"loc":{"start":{"line":70,"column":96},"end":{"line":72,"column":null}},"line":70},"5":{"name":"chatStream","decl":{"start":{"line":75,"column":8},"end":{"line":75,"column":19}},"loc":{"start":{"line":75,"column":106},"end":{"line":86,"column":null}},"line":75},"6":{"name":"(anonymous_6)","decl":{"start":{"line":77,"column":4},"end":{"line":77,"column":21}},"loc":{"start":{"line":77,"column":21},"end":{"line":77,"column":35}},"line":77},"7":{"name":"personas","decl":{"start":{"line":87,"column":2},"end":{"line":87,"column":33}},"loc":{"start":{"line":87,"column":33},"end":{"line":89,"column":null}},"line":87},"8":{"name":"forYou","decl":{"start":{"line":90,"column":2},"end":{"line":90,"column":9}},"loc":{"start":{"line":90,"column":83},"end":{"line":92,"column":null}},"line":90},"9":{"name":"suggested","decl":{"start":{"line":93,"column":2},"end":{"line":93,"column":63}},"loc":{"start":{"line":93,"column":63},"end":{"line":95,"column":null}},"line":93}},"branchMap":{"0":{"loc":{"start":{"line":41,"column":31},"end":{"line":41,"column":74}},"type":"binary-expr","locations":[{"start":{"line":41,"column":31},"end":{"line":41,"column":69}},{"start":{"line":41,"column":69},"end":{"line":41,"column":74}}],"line":41},"1":{"loc":{"start":{"line":42,"column":28},"end":{"line":42,"column":77}},"type":"binary-expr","locations":[{"start":{"line":42,"column":28},"end":{"line":42,"column":71}},{"start":{"line":42,"column":71},"end":{"line":42,"column":77}}],"line":42},"2":{"loc":{"start":{"line":44,"column":57},"end":{"line":44,"column":98}},"type":"default-arg","locations":[{"start":{"line":44,"column":69},"end":{"line":44,"column":98}}],"line":44},"3":{"loc":{"start":{"line":51,"column":57},"end":{"line":51,"column":78}},"type":"binary-expr","locations":[{"start":{"line":51,"column":57},"end":{"line":51,"column":74}},{"start":{"line":51,"column":74},"end":{"line":51,"column":78}}],"line":51},"4":{"loc":{"start":{"line":53,"column":4},"end":{"line":55,"column":null}},"type":"if","locations":[{"start":{"line":53,"column":4},"end":{"line":55,"column":null}},{"start":{},"end":{}}],"line":53},"5":{"loc":{"start":{"line":62,"column":46},"end":{"line":62,"column":87}},"type":"default-arg","locations":[{"start":{"line":62,"column":58},"end":{"line":62,"column":87}}],"line":62},"6":{"loc":{"start":{"line":67,"column":46},"end":{"line":67,"column":82}},"type":"default-arg","locations":[{"start":{"line":67,"column":55},"end":{"line":67,"column":82}}],"line":67},"7":{"loc":{"start":{"line":68,"column":60},"end":{"line":68,"column":74}},"type":"binary-expr","locations":[{"start":{"line":68,"column":60},"end":{"line":68,"column":68}},{"start":{"line":68,"column":68},"end":{"line":68,"column":74}}],"line":68},"8":{"loc":{"start":{"line":70,"column":24},"end":{"line":70,"column":96}},"type":"default-arg","locations":[{"start":{"line":70,"column":71},"end":{"line":70,"column":96}}],"line":70},"9":{"loc":{"start":{"line":75,"column":36},"end":{"line":75,"column":106}},"type":"default-arg","locations":[{"start":{"line":75,"column":83},"end":{"line":75,"column":106}}],"line":75},"10":{"loc":{"start":{"line":84,"column":4},"end":{"line":84,"column":null}},"type":"if","locations":[{"start":{"line":84,"column":4},"end":{"line":84,"column":null}},{"start":{},"end":{}}],"line":84},"11":{"loc":{"start":{"line":84,"column":8},"end":{"line":84,"column":30}},"type":"binary-expr","locations":[{"start":{"line":84,"column":8},"end":{"line":84,"column":19}},{"start":{"line":84,"column":19},"end":{"line":84,"column":30}}],"line":84},"12":{"loc":{"start":{"line":90,"column":26},"end":{"line":90,"column":83}},"type":"default-arg","locations":[{"start":{"line":90,"column":49},"end":{"line":90,"column":83}}],"line":90}},"s":{"0":0,"1":0,"2":0,"3":0,"4":0,"5":0,"6":0,"7":0,"8":0,"9":0,"10":0,"11":0,"12":0,"13":0,"14":0,"15":0,"16":0,"17":0,"18":0,"19":0,"20":0,"21":0,"22":0,"23":0,"24":0},"f":{"0":0,"1":0,"2":0,"3":0,"4":0,"5":0,"6":0,"7":0,"8":0,"9":0},"b":{"0":[0,0],"1":[0,0],"2":[0],"3":[0,0],"4":[0,0],"5":[0],"6":[0],"7":[0,0],"8":[0],"9":[0],"10":[0,0],"11":[0,0],"12":[0]},"meta":{"lastBranch":13,"lastFunction":10,"lastStatement":25,"seen":{"s:41:24:41:Infinity":0,"b:41:31:41:69:41:69:41:74":0,"s:42:21:42:Infinity":1,"b:42:28:42:71:42:71:42:77":1,"f:44:15:44:23":0,"b:44:69:44:98":2,"s:45:15:45:Infinity":2,"s:46:16:46:Infinity":3,"f:46:16:46:33":1,"s:46:33:46:47":4,"s:47:2:59:Infinity":5,"s:48:16:52:Infinity":6,"b:51:57:51:74:51:74:51:78":3,"b:53:4:55:Infinity:undefined:undefined:undefined:undefined":4,"s:53:4:55:Infinity":7,"s:54:6:54:Infinity":8,"s:56:4:56:Infinity":9,"s:58:4:58:Infinity":10,"f:62:9:62:17":2,"b:62:58:62:87":5,"s:63:2:63:Infinity":11,"s:66:27:96:Infinity":12,"f:67:2:67:9":3,"b:67:55:67:82":6,"s:68:4:68:Infinity":13,"b:68:60:68:68:68:68:68:74":7,"f:70:2:70:7":4,"b:70:71:70:96":8,"s:71:4:71:Infinity":14,"f:75:8:75:19":5,"b:75:83:75:106":9,"s:76:17:76:Infinity":15,"s:77:4:77:Infinity":16,"f:77:4:77:21":6,"s:77:21:77:35":17,"s:78:16:83:Infinity":18,"b:84:4:84:Infinity:undefined:undefined:undefined:undefined":10,"s:84:4:84:Infinity":19,"b:84:8:84:19:84:19:84:30":11,"s:84:30:84:Infinity":20,"s:85:4:85:Infinity":21,"f:87:2:87:33":7,"s:88:4:88:Infinity":22,"f:90:2:90:9":8,"b:90:49:90:83":12,"s:91:4:91:Infinity":23,"f:93:2:93:63":9,"s:94:4:94:Infinity":24},"fnNames":{}}}
,"C:\\IT-Learning-Recommender-System - Update\\web\\src\\services\\social.ts": {"path":"C:\\IT-Learning-Recommender-System - Update\\web\\src\\services\\social.ts","statementMap":{"0":{"start":{"line":7,"column":2},"end":{"line":7,"column":null}},"1":{"start":{"line":7,"column":20},"end":{"line":7,"column":null}},"2":{"start":{"line":8,"column":15},"end":{"line":12,"column":null}},"3":{"start":{"line":13,"column":2},"end":{"line":13,"column":null}},"4":{"start":{"line":13,"column":20},"end":{"line":13,"column":null}},"5":{"start":{"line":14,"column":2},"end":{"line":14,"column":null}},"6":{"start":{"line":14,"column":37},"end":{"line":14,"column":null}},"7":{"start":{"line":15,"column":2},"end":{"line":15,"column":null}},"8":{"start":{"line":20,"column":15},"end":{"line":24,"column":null}},"9":{"start":{"line":25,"column":2},"end":{"line":25,"column":null}},"10":{"start":{"line":25,"column":25},"end":{"line":25,"column":29}},"11":{"start":{"line":29,"column":12},"end":{"line":33,"column":null}},"12":{"start":{"line":34,"column":2},"end":{"line":34,"column":null}},"13":{"start":{"line":39,"column":8},"end":{"line":39,"column":null}},"14":{"start":{"line":40,"column":12},"end":{"line":40,"column":null}},"15":{"start":{"line":41,"column":2},"end":{"line":41,"column":null}},"16":{"start":{"line":41,"column":9},"end":{"line":41,"column":null}},"17":{"start":{"line":42,"column":2},"end":{"line":42,"column":null}},"18":{"start":{"line":42,"column":37},"end":{"line":42,"column":null}},"19":{"start":{"line":43,"column":2},"end":{"line":43,"column":null}}},"fnMap":{"0":{"name":"friendStatus","decl":{"start":{"line":6,"column":22},"end":{"line":6,"column":35}},"loc":{"start":{"line":6,"column":85},"end":{"line":16,"column":null}},"line":6},"1":{"name":"acceptedFriendIds","decl":{"start":{"line":19,"column":22},"end":{"line":19,"column":40}},"loc":{"start":{"line":19,"column":75},"end":{"line":26,"column":null}},"line":19},"2":{"name":"(anonymous_2)","decl":{"start":{"line":25,"column":14},"end":{"line":25,"column":19}},"loc":{"start":{"line":25,"column":25},"end":{"line":25,"column":29}},"line":25},"3":{"name":"areFriends","decl":{"start":{"line":28,"column":22},"end":{"line":28,"column":33}},"loc":{"start":{"line":28,"column":73},"end":{"line":35,"column":null}},"line":28},"4":{"name":"parseYouTubeId","decl":{"start":{"line":38,"column":16},"end":{"line":38,"column":31}},"loc":{"start":{"line":38,"column":61},"end":{"line":44,"column":null}},"line":38}},"branchMap":{"0":{"loc":{"start":{"line":7,"column":2},"end":{"line":7,"column":null}},"type":"if","locations":[{"start":{"line":7,"column":2},"end":{"line":7,"column":null}},{"start":{},"end":{}}],"line":7},"1":{"loc":{"start":{"line":13,"column":2},"end":{"line":13,"column":null}},"type":"if","locations":[{"start":{"line":13,"column":2},"end":{"line":13,"column":null}},{"start":{},"end":{}}],"line":13},"2":{"loc":{"start":{"line":14,"column":2},"end":{"line":14,"column":null}},"type":"if","locations":[{"start":{"line":14,"column":2},"end":{"line":14,"column":null}},{"start":{},"end":{}}],"line":14},"3":{"loc":{"start":{"line":15,"column":9},"end":{"line":15,"column":null}},"type":"cond-expr","locations":[{"start":{"line":15,"column":39},"end":{"line":15,"column":55}},{"start":{"line":15,"column":55},"end":{"line":15,"column":null}}],"line":15},"4":{"loc":{"start":{"line":39,"column":13},"end":{"line":39,"column":24}},"type":"binary-expr","locations":[{"start":{"line":39,"column":13},"end":{"line":39,"column":22}},{"start":{"line":39,"column":22},"end":{"line":39,"column":24}}],"line":39},"5":{"loc":{"start":{"line":41,"column":2},"end":{"line":41,"column":null}},"type":"if","locations":[{"start":{"line":41,"column":2},"end":{"line":41,"column":null}},{"start":{},"end":{}}],"line":41},"6":{"loc":{"start":{"line":42,"column":2},"end":{"line":42,"column":null}},"type":"if","locations":[{"start":{"line":42,"column":2},"end":{"line":42,"column":null}},{"start":{},"end":{}}],"line":42}},"s":{"0":0,"1":0,"2":0,"3":0,"4":0,"5":0,"6":0,"7":0,"8":0,"9":0,"10":0,"11":0,"12":0,"13":0,"14":0,"15":0,"16":0,"17":0,"18":0,"19":0},"f":{"0":0,"1":0,"2":0,"3":0,"4":0},"b":{"0":[0,0],"1":[0,0],"2":[0,0],"3":[0,0],"4":[0,0],"5":[0,0],"6":[0,0]},"meta":{"lastBranch":7,"lastFunction":5,"lastStatement":20,"seen":{"f:6:22:6:35":0,"b:7:2:7:Infinity:undefined:undefined:undefined:undefined":0,"s:7:2:7:Infinity":0,"s:7:20:7:Infinity":1,"s:8:15:12:Infinity":2,"b:13:2:13:Infinity:undefined:undefined:undefined:undefined":1,"s:13:2:13:Infinity":3,"s:13:20:13:Infinity":4,"b:14:2:14:Infinity:undefined:undefined:undefined:undefined":2,"s:14:2:14:Infinity":5,"s:14:37:14:Infinity":6,"s:15:2:15:Infinity":7,"b:15:39:15:55:15:55:15:Infinity":3,"f:19:22:19:40":1,"s:20:15:24:Infinity":8,"s:25:2:25:Infinity":9,"f:25:14:25:19":2,"s:25:25:25:29":10,"f:28:22:28:33":3,"s:29:12:33:Infinity":11,"s:34:2:34:Infinity":12,"f:38:16:38:31":4,"s:39:8:39:Infinity":13,"b:39:13:39:22:39:22:39:24":4,"s:40:12:40:Infinity":14,"b:41:2:41:Infinity:undefined:undefined:undefined:undefined":5,"s:41:2:41:Infinity":15,"s:41:9:41:Infinity":16,"b:42:2:42:Infinity:undefined:undefined:undefined:undefined":6,"s:42:2:42:Infinity":17,"s:42:37:42:Infinity":18,"s:43:2:43:Infinity":19},"fnNames":{}}}
}
