TN:
SF:src\config\env.ts
FN:5,required
FNF:1
FNH:0
FNDA:0,required
DA:3,0
DA:6,0
DA:7,0
DA:8,0
DA:10,0
DA:13,0
DA:16,0
DA:17,0
DA:18,0
DA:20,0
DA:21,0
DA:22,0
DA:25,0
LF:13
LH:0
BRDA:6,0,0,0
BRDA:6,0,1,0
BRDA:7,1,0,0
BRDA:7,1,1,0
BRDA:7,2,0,0
BRDA:7,2,1,0
BRDA:17,3,0,0
BRDA:17,3,1,0
BRDA:17,4,0,0
BRDA:17,4,1,0
BRDA:17,4,2,0
BRDA:20,5,0,0
BRDA:20,5,1,0
BRDA:21,6,0,0
BRDA:21,6,1,0
BRDA:21,7,0,0
BRDA:21,7,1,0
BRDA:26,8,0,0
BRDA:26,8,1,0
BRDA:29,9,0,0
BRDA:29,9,1,0
BRF:21
BRH:0
end_of_record
TN:
SF:src\db\check.ts
FN:7,section
FN:12,check
FN:80,(anonymous_2)
FNF:3
FNH:0
FNDA:0,section
FNDA:0,check
FNDA:0,(anonymous_2)
DA:8,0
DA:9,0
DA:14,0
DA:24,0
DA:25,0
DA:28,0
DA:32,0
DA:33,0
DA:35,0
DA:39,0
DA:45,0
DA:53,0
DA:58,0
DA:68,0
DA:73,0
DA:77,0
DA:80,0
DA:81,0
DA:82,0
DA:83,0
LF:20
LH:0
BRDA:9,0,0,0
BRDA:9,0,1,0
BRF:2
BRH:0
end_of_record
TN:
SF:src\db\migrate.ts
FN:6,migrate
FN:13,(anonymous_1)
FNF:2
FNH:0
FNDA:0,migrate
FNDA:0,(anonymous_1)
DA:7,0
DA:8,0
DA:9,0
DA:10,0
DA:13,0
DA:14,0
DA:15,0
LF:7
LH:0
BRF:0
BRH:0
end_of_record
TN:
SF:src\db\pool.ts
FN:7,(anonymous_0)
FN:11,query
FNF:2
FNH:0
FNDA:0,(anonymous_0)
FNDA:0,query
DA:5,0
DA:7,0
DA:8,0
DA:12,0
DA:13,0
LF:5
LH:0
BRF:0
BRH:0
end_of_record
TN:
SF:src\db\seed-courses.ts
FN:13,seed
FN:45,(anonymous_1)
FNF:2
FNH:0
FNDA:0,seed
FNDA:0,(anonymous_1)
DA:11,0
DA:14,0
DA:15,0
DA:16,0
DA:17,0
DA:18,0
DA:20,0
DA:21,0
DA:22,0
DA:24,0
DA:25,0
DA:26,0
DA:29,0
DA:35,0
DA:37,0
DA:38,0
DA:40,0
DA:41,0
DA:45,0
DA:46,0
DA:47,0
LF:21
LH:0
BRDA:11,0,0,0
BRDA:11,0,1,0
BRDA:18,1,0,0
BRDA:18,1,1,0
BRDA:20,2,0,0
BRDA:20,2,1,0
BRDA:20,3,0,0
BRDA:20,3,1,0
BRDA:24,4,0,0
BRDA:24,4,1,0
BRF:10
BRH:0
end_of_record
TN:
SF:src\db\sync-courses.ts
FN:14,sync
FN:30,(anonymous_1)
FN:31,(anonymous_2)
FN:51,(anonymous_3)
FN:59,(anonymous_4)
FNF:5
FNH:0
FNDA:0,sync
FNDA:0,(anonymous_1)
FNDA:0,(anonymous_2)
FNDA:0,(anonymous_3)
FNDA:0,(anonymous_4)
DA:11,0
DA:12,0
DA:15,0
DA:16,0
DA:20,0
DA:21,0
DA:22,0
DA:25,0
DA:29,0
DA:30,0
DA:31,0
DA:33,0
DA:44,0
DA:46,0
DA:47,0
DA:48,0
DA:51,0
DA:52,0
DA:54,0
DA:55,0
DA:59,0
DA:60,0
DA:61,0
LF:23
LH:0
BRDA:11,0,0,0
BRDA:11,0,1,0
BRF:2
BRH:0
end_of_record
TN:
SF:src\db\types.ts
FNF:0
FNH:0
LF:0
LH:0
BRF:0
BRH:0
end_of_record
TN:
SF:src\middleware\auth.ts
FN:24,signToken
FN:28,setAuthCookie
FN:37,clearAuthCookie
FN:42,loadUser
FN:64,hasAdminAccess
FN:77,requireAdminAccess
FN:82,requireAuth
FN:90,requireAdmin
FNF:8
FNH:0
FNDA:0,signToken
FNDA:0,setAuthCookie
FNDA:0,clearAuthCookie
FNDA:0,loadUser
FNDA:0,hasAdminAccess
FNDA:0,requireAdminAccess
FNDA:0,requireAuth
FNDA:0,requireAdmin
DA:22,0
DA:25,0
DA:29,0
DA:38,0
DA:43,0
DA:44,0
DA:45,0
DA:46,0
DA:47,0
DA:52,0
DA:53,0
DA:54,0
DA:55,0
DA:59,0
DA:65,0
DA:66,0
DA:67,0
DA:68,0
DA:69,0
DA:74,0
DA:78,0
DA:79,0
DA:83,0
DA:84,0
DA:85,0
DA:87,0
DA:91,0
DA:92,0
DA:93,0
DA:95,0
DA:96,0
DA:97,0
DA:99,0
LF:33
LH:0
BRDA:44,0,0,0
BRDA:44,0,1,0
BRDA:52,1,0,0
BRDA:52,1,1,0
BRDA:66,2,0,0
BRDA:66,2,1,0
BRDA:69,3,0,0
BRDA:69,3,1,0
BRDA:78,4,0,0
BRDA:78,4,1,0
BRDA:83,5,0,0
BRDA:83,5,1,0
BRDA:91,6,0,0
BRDA:91,6,1,0
BRDA:95,7,0,0
BRDA:95,7,1,0
BRF:16
BRH:0
end_of_record
TN:
SF:src\middleware\security.ts
FN:56,csrfProtection
FNF:1
FNH:0
FNDA:0,csrfProtection
DA:12,0
DA:18,0
DA:54,0
DA:57,0
DA:58,0
DA:59,0
DA:60,0
DA:67,0
DA:69,0
DA:72,0
DA:76,0
DA:77,0
DA:78,0
DA:80,0
DA:82,0
DA:84,0
DA:89,0
DA:95,0
DA:103,0
LF:19
LH:0
BRDA:37,0,0,0
BRDA:37,0,1,0
BRDA:41,1,0,0
BRDA:41,1,1,0
BRDA:58,2,0,0
BRDA:58,2,1,0
BRDA:58,3,0,0
BRDA:58,3,1,0
BRDA:69,4,0,0
BRDA:69,4,1,0
BRDA:72,5,0,0
BRDA:72,5,1,0
BRDA:72,5,2,0
BRDA:76,6,0,0
BRDA:76,6,1,0
BRDA:76,7,0,0
BRDA:76,7,1,0
BRDA:77,8,0,0
BRDA:77,8,1,0
BRF:19
BRH:0
end_of_record
TN:
SF:src\routes\admin.routes.ts
FN:17,(anonymous_0)
FN:18,(anonymous_1)
FN:22,(anonymous_2)
FN:25,(anonymous_3)
FN:28,(anonymous_4)
FN:33,(anonymous_5)
FN:42,(anonymous_6)
FN:48,(anonymous_7)
FN:85,(anonymous_8)
FN:103,(anonymous_9)
FN:115,(anonymous_10)
FN:122,(anonymous_11)
FN:128,(anonymous_12)
FN:138,renderCatalog
FN:150,(anonymous_14)
FN:158,(anonymous_15)
FN:159,(anonymous_16)
FN:166,(anonymous_17)
FN:167,(anonymous_18)
FN:170,renderManage
FN:188,(anonymous_20)
FN:189,(anonymous_21)
FN:192,(anonymous_22)
FN:203,(anonymous_23)
FN:216,(anonymous_24)
FN:222,(anonymous_25)
FN:234,(anonymous_26)
FN:239,(anonymous_27)
FN:244,(anonymous_28)
FN:253,(anonymous_29)
FN:257,(anonymous_30)
FNF:31
FNH:0
FNDA:0,(anonymous_0)
FNDA:0,(anonymous_1)
FNDA:0,(anonymous_2)
FNDA:0,(anonymous_3)
FNDA:0,(anonymous_4)
FNDA:0,(anonymous_5)
FNDA:0,(anonymous_6)
FNDA:0,(anonymous_7)
FNDA:0,(anonymous_8)
FNDA:0,(anonymous_9)
FNDA:0,(anonymous_10)
FNDA:0,(anonymous_11)
FNDA:0,(anonymous_12)
FNDA:0,renderCatalog
FNDA:0,(anonymous_14)
FNDA:0,(anonymous_15)
FNDA:0,(anonymous_16)
FNDA:0,(anonymous_17)
FNDA:0,(anonymous_18)
FNDA:0,renderManage
FNDA:0,(anonymous_20)
FNDA:0,(anonymous_21)
FNDA:0,(anonymous_22)
FNDA:0,(anonymous_23)
FNDA:0,(anonymous_24)
FNDA:0,(anonymous_25)
FNDA:0,(anonymous_26)
FNDA:0,(anonymous_27)
FNDA:0,(anonymous_28)
FNDA:0,(anonymous_29)
FNDA:0,(anonymous_30)
DA:13,0
DA:16,0
DA:17,0
DA:18,0
DA:19,0
DA:22,0
DA:24,0
DA:25,0
DA:28,0
DA:29,0
DA:30,0
DA:33,0
DA:34,0
DA:35,0
DA:37,0
DA:38,0
DA:39,0
DA:42,0
DA:43,0
DA:44,0
DA:48,0
DA:49,0
DA:81,0
DA:85,0
DA:86,0
DA:87,0
DA:88,0
DA:90,0
DA:91,0
DA:92,0
DA:93,0
DA:94,0
DA:95,0
DA:97,0
DA:98,0
DA:99,0
DA:100,0
DA:103,0
DA:104,0
DA:105,0
DA:106,0
DA:107,0
DA:108,0
DA:109,0
DA:111,0
DA:115,0
DA:116,0
DA:117,0
DA:118,0
DA:119,0
DA:122,0
DA:123,0
DA:124,0
DA:125,0
DA:128,0
DA:129,0
DA:130,0
DA:131,0
DA:139,0
DA:140,0
DA:141,0
DA:142,0
DA:143,0
DA:144,0
DA:145,0
DA:146,0
DA:150,0
DA:151,0
DA:152,0
DA:153,0
DA:157,0
DA:158,0
DA:159,0
DA:161,0
DA:166,0
DA:167,0
DA:171,0
DA:172,0
DA:173,0
DA:176,0
DA:177,0
DA:178,0
DA:179,0
DA:181,0
DA:186,0
DA:188,0
DA:189,0
DA:192,0
DA:193,0
DA:194,0
DA:195,0
DA:196,0
DA:197,0
DA:199,0
DA:203,0
DA:204,0
DA:205,0
DA:206,0
DA:207,0
DA:208,0
DA:213,0
DA:216,0
DA:218,0
DA:222,0
DA:223,0
DA:231,0
DA:234,0
DA:235,0
DA:236,0
DA:237,0
DA:239,0
DA:240,0
DA:241,0
DA:242,0
DA:244,0
DA:245,0
DA:246,0
DA:247,0
DA:250,0
DA:253,0
DA:255,0
DA:257,0
DA:258,0
DA:259,0
DA:260,0
LF:125
LH:0
BRDA:17,0,0,0
BRDA:17,0,1,0
BRDA:25,1,0,0
BRDA:25,1,1,0
BRDA:29,2,0,0
BRDA:29,2,1,0
BRDA:34,3,0,0
BRDA:34,3,1,0
BRDA:34,4,0,0
BRDA:34,4,1,0
BRDA:88,5,0,0
BRDA:88,5,1,0
BRDA:90,6,0,0
BRDA:90,6,1,0
BRDA:92,7,0,0
BRDA:92,7,1,0
BRDA:94,8,0,0
BRDA:94,8,1,0
BRDA:97,9,0,0
BRDA:97,9,1,0
BRDA:97,10,0,0
BRDA:97,10,1,0
BRDA:98,11,0,0
BRDA:98,11,1,0
BRDA:99,12,0,0
BRDA:99,12,1,0
BRDA:106,13,0,0
BRDA:106,13,1,0
BRDA:107,14,0,0
BRDA:107,14,1,0
BRDA:108,15,0,0
BRDA:108,15,1,0
BRDA:109,16,0,0
BRDA:109,16,1,0
BRDA:117,17,0,0
BRDA:117,17,1,0
BRDA:124,18,0,0
BRDA:124,18,1,0
BRDA:130,19,0,0
BRDA:130,19,1,0
BRDA:139,20,0,0
BRDA:139,20,1,0
BRDA:140,21,0,0
BRDA:140,21,1,0
BRDA:141,22,0,0
BRDA:141,22,1,0
BRDA:141,23,0,0
BRDA:141,23,1,0
BRDA:144,24,0,0
BRDA:144,24,1,0
BRDA:151,25,0,0
BRDA:151,25,1,0
BRDA:152,26,0,0
BRDA:152,26,1,0
BRDA:159,27,0,0
BRDA:159,27,1,0
BRDA:159,28,0,0
BRDA:159,28,1,0
BRDA:162,29,0,0
BRDA:162,29,1,0
BRDA:172,30,0,0
BRDA:172,30,1,0
BRDA:176,31,0,0
BRDA:176,31,1,0
BRDA:178,32,0,0
BRDA:178,32,1,0
BRDA:194,33,0,0
BRDA:194,33,1,0
BRDA:195,34,0,0
BRDA:195,34,1,0
BRDA:195,35,0,0
BRDA:195,35,1,0
BRDA:196,36,0,0
BRDA:196,36,1,0
BRDA:196,37,0,0
BRDA:196,37,1,0
BRDA:205,38,0,0
BRDA:205,38,1,0
BRDA:205,39,0,0
BRDA:205,39,1,0
BRDA:211,40,0,0
BRDA:211,40,1,0
BRDA:214,41,0,0
BRDA:214,41,1,0
BRDA:236,42,0,0
BRDA:236,42,1,0
BRDA:241,43,0,0
BRDA:241,43,1,0
BRDA:246,44,0,0
BRDA:246,44,1,0
BRDA:250,45,0,0
BRDA:250,45,1,0
BRDA:251,46,0,0
BRDA:251,46,1,0
BRDA:259,47,0,0
BRDA:259,47,1,0
BRF:96
BRH:0
end_of_record
TN:
SF:src\routes\api.routes.ts
FN:16,(anonymous_0)
FN:36,(anonymous_1)
FN:38,(anonymous_2)
FN:42,(anonymous_3)
FN:43,(anonymous_4)
FN:52,(anonymous_5)
FN:68,saveChatHistory
FN:96,(anonymous_7)
FN:123,(anonymous_8)
FN:144,(anonymous_9)
FN:185,(anonymous_10)
FN:193,(anonymous_11)
FN:207,(anonymous_12)
FN:226,(anonymous_13)
FN:236,(anonymous_14)
FN:238,(anonymous_15)
FN:243,(anonymous_16)
FN:246,(anonymous_17)
FN:269,(anonymous_18)
FN:273,(anonymous_19)
FN:286,(anonymous_20)
FN:300,(anonymous_21)
FN:314,(anonymous_22)
FN:329,(anonymous_23)
FN:342,(anonymous_24)
FN:363,(anonymous_25)
FN:379,(anonymous_26)
FN:392,(anonymous_27)
FN:406,(anonymous_28)
FN:435,(anonymous_29)
FN:453,(anonymous_30)
FN:466,(anonymous_31)
FN:480,recomputeProgress
FN:497,(anonymous_33)
FN:516,(anonymous_34)
FN:528,(anonymous_35)
FN:544,(anonymous_36)
FNF:37
FNH:0
FNDA:0,(anonymous_0)
FNDA:0,(anonymous_1)
FNDA:0,(anonymous_2)
FNDA:0,(anonymous_3)
FNDA:0,(anonymous_4)
FNDA:0,(anonymous_5)
FNDA:0,saveChatHistory
FNDA:0,(anonymous_7)
FNDA:0,(anonymous_8)
FNDA:0,(anonymous_9)
FNDA:0,(anonymous_10)
FNDA:0,(anonymous_11)
FNDA:0,(anonymous_12)
FNDA:0,(anonymous_13)
FNDA:0,(anonymous_14)
FNDA:0,(anonymous_15)
FNDA:0,(anonymous_16)
FNDA:0,(anonymous_17)
FNDA:0,(anonymous_18)
FNDA:0,(anonymous_19)
FNDA:0,(anonymous_20)
FNDA:0,(anonymous_21)
FNDA:0,(anonymous_22)
FNDA:0,(anonymous_23)
FNDA:0,(anonymous_24)
FNDA:0,(anonymous_25)
FNDA:0,(anonymous_26)
FNDA:0,(anonymous_27)
FNDA:0,(anonymous_28)
FNDA:0,(anonymous_29)
FNDA:0,(anonymous_30)
FNDA:0,(anonymous_31)
FNDA:0,recomputeProgress
FNDA:0,(anonymous_33)
FNDA:0,(anonymous_34)
FNDA:0,(anonymous_35)
FNDA:0,(anonymous_36)
DA:13,0
DA:16,0
DA:17,0
DA:23,0
DA:24,0
DA:25,0
DA:27,0
DA:28,0
DA:29,0
DA:32,0
DA:33,0
DA:34,0
DA:35,0
DA:36,0
DA:38,0
DA:39,0
DA:42,0
DA:43,0
DA:44,0
DA:45,0
DA:47,0
DA:48,0
DA:49,0
DA:50,0
DA:51,0
DA:52,0
DA:59,0
DA:71,0
DA:72,0
DA:73,0
DA:74,0
DA:75,0
DA:76,0
DA:77,0
DA:79,0
DA:80,0
DA:81,0
DA:84,0
DA:86,0
DA:87,0
DA:88,0
DA:89,0
DA:91,0
DA:92,0
DA:96,0
DA:97,0
DA:98,0
DA:99,0
DA:102,0
DA:103,0
DA:105,0
DA:108,0
DA:110,0
DA:123,0
DA:124,0
DA:125,0
DA:126,0
DA:130,0
DA:131,0
DA:133,0
DA:136,0
DA:142,0
DA:144,0
DA:145,0
DA:146,0
DA:147,0
DA:148,0
DA:149,0
DA:150,0
DA:151,0
DA:152,0
DA:153,0
DA:154,0
DA:155,0
DA:157,0
DA:158,0
DA:159,0
DA:160,0
DA:162,0
DA:163,0
DA:164,0
DA:171,0
DA:172,0
DA:181,0
DA:185,0
DA:186,0
DA:190,0
DA:193,0
DA:194,0
DA:195,0
DA:196,0
DA:197,0
DA:201,0
DA:207,0
DA:208,0
DA:209,0
DA:210,0
DA:212,0
DA:213,0
DA:215,0
DA:223,0
DA:226,0
DA:227,0
DA:228,0
DA:229,0
DA:230,0
DA:234,0
DA:235,0
DA:236,0
DA:238,0
DA:240,0
DA:243,0
DA:246,0
DA:247,0
DA:248,0
DA:249,0
DA:251,0
DA:252,0
DA:254,0
DA:255,0
DA:258,0
DA:259,0
DA:264,0
DA:266,0
DA:269,0
DA:270,0
DA:273,0
DA:274,0
DA:275,0
DA:276,0
DA:277,0
DA:278,0
DA:279,0
DA:280,0
DA:281,0
DA:282,0
DA:286,0
DA:287,0
DA:288,0
DA:289,0
DA:292,0
DA:293,0
DA:294,0
DA:295,0
DA:296,0
DA:300,0
DA:301,0
DA:302,0
DA:303,0
DA:306,0
DA:307,0
DA:308,0
DA:309,0
DA:310,0
DA:314,0
DA:315,0
DA:316,0
DA:317,0
DA:320,0
DA:321,0
DA:322,0
DA:326,0
DA:330,0
DA:331,0
DA:332,0
DA:333,0
DA:334,0
DA:338,0
DA:343,0
DA:344,0
DA:345,0
DA:346,0
DA:347,0
DA:348,0
DA:350,0
DA:351,0
DA:358,0
DA:359,0
DA:360,0
DA:363,0
DA:365,0
DA:374,0
DA:379,0
DA:380,0
DA:381,0
DA:382,0
DA:385,0
DA:386,0
DA:387,0
DA:388,0
DA:389,0
DA:392,0
DA:393,0
DA:394,0
DA:395,0
DA:398,0
DA:399,0
DA:400,0
DA:401,0
DA:402,0
DA:406,0
DA:407,0
DA:408,0
DA:409,0
DA:412,0
DA:413,0
DA:414,0
DA:415,0
DA:416,0
DA:417,0
DA:418,0
DA:419,0
DA:420,0
DA:421,0
DA:422,0
DA:423,0
DA:424,0
DA:426,0
DA:427,0
DA:428,0
DA:429,0
DA:431,0
DA:432,0
DA:435,0
DA:436,0
DA:437,0
DA:438,0
DA:439,0
DA:441,0
DA:442,0
DA:443,0
DA:445,0
DA:446,0
DA:448,0
DA:449,0
DA:450,0
DA:453,0
DA:454,0
DA:455,0
DA:456,0
DA:457,0
DA:461,0
DA:463,0
DA:466,0
DA:467,0
DA:468,0
DA:469,0
DA:470,0
DA:471,0
DA:472,0
DA:473,0
DA:474,0
DA:475,0
DA:481,0
DA:482,0
DA:486,0
DA:487,0
DA:488,0
DA:494,0
DA:497,0
DA:498,0
DA:499,0
DA:500,0
DA:501,0
DA:502,0
DA:503,0
DA:504,0
DA:507,0
DA:508,0
DA:512,0
DA:513,0
DA:516,0
DA:517,0
DA:518,0
DA:519,0
DA:520,0
DA:521,0
DA:522,0
DA:523,0
DA:524,0
DA:525,0
DA:528,0
DA:529,0
DA:530,0
DA:531,0
DA:534,0
DA:535,0
DA:536,0
DA:537,0
DA:538,0
DA:539,0
DA:540,0
DA:544,0
DA:545,0
DA:546,0
DA:549,0
DA:550,0
DA:552,0
LF:298
LH:0
BRDA:34,0,0,0
BRDA:34,0,1,0
BRDA:47,1,0,0
BRDA:47,1,1,0
BRDA:71,2,0,0
BRDA:71,2,1,0
BRDA:75,3,0,0
BRDA:75,3,1,0
BRDA:77,4,0,0
BRDA:77,4,1,0
BRDA:79,5,0,0
BRDA:79,5,1,0
BRDA:80,6,0,0
BRDA:80,6,1,0
BRDA:87,7,0,0
BRDA:87,7,1,0
BRDA:98,8,0,0
BRDA:98,8,1,0
BRDA:99,9,0,0
BRDA:108,10,0,0
BRDA:108,10,1,0
BRDA:112,11,0,0
BRDA:112,11,1,0
BRDA:116,12,0,0
BRDA:116,12,1,0
BRDA:125,13,0,0
BRDA:125,13,1,0
BRDA:126,14,0,0
BRDA:154,15,0,0
BRDA:154,15,1,0
BRDA:160,16,0,0
BRDA:160,16,1,0
BRDA:163,17,0,0
BRDA:163,17,1,0
BRDA:163,18,0,0
BRDA:163,18,1,0
BRDA:163,19,0,0
BRDA:163,19,1,0
BRDA:164,20,0,0
BRDA:164,20,1,0
BRDA:164,21,0,0
BRDA:164,21,1,0
BRDA:164,22,0,0
BRDA:164,22,1,0
BRDA:179,23,0,0
BRDA:179,23,1,0
BRDA:195,24,0,0
BRDA:195,24,1,0
BRDA:209,25,0,0
BRDA:209,25,1,0
BRDA:210,26,0,0
BRDA:210,27,0,0
BRDA:213,28,0,0
BRDA:213,28,1,0
BRDA:228,29,0,0
BRDA:228,29,1,0
BRDA:236,30,0,0
BRDA:236,30,1,0
BRDA:248,31,0,0
BRDA:248,31,1,0
BRDA:249,32,0,0
BRDA:249,32,1,0
BRDA:252,33,0,0
BRDA:252,33,1,0
BRDA:262,34,0,0
BRDA:262,34,1,0
BRDA:264,35,0,0
BRDA:264,35,1,0
BRDA:267,36,0,0
BRDA:267,36,1,0
BRDA:275,37,0,0
BRDA:275,37,1,0
BRDA:278,38,0,0
BRDA:278,38,1,0
BRDA:279,39,0,0
BRDA:279,39,1,0
BRDA:279,40,0,0
BRDA:279,40,1,0
BRDA:288,41,0,0
BRDA:288,41,1,0
BRDA:293,42,0,0
BRDA:293,42,1,0
BRDA:294,43,0,0
BRDA:294,43,1,0
BRDA:302,44,0,0
BRDA:302,44,1,0
BRDA:307,45,0,0
BRDA:307,45,1,0
BRDA:308,46,0,0
BRDA:308,46,1,0
BRDA:316,47,0,0
BRDA:316,47,1,0
BRDA:321,48,0,0
BRDA:321,48,1,0
BRDA:322,49,0,0
BRDA:322,49,1,0
BRDA:331,50,0,0
BRDA:331,50,1,0
BRDA:332,51,0,0
BRDA:332,51,1,0
BRDA:333,52,0,0
BRDA:333,52,1,0
BRDA:343,53,0,0
BRDA:343,53,1,0
BRDA:348,54,0,0
BRDA:348,54,1,0
BRDA:348,55,0,0
BRDA:348,55,1,0
BRDA:348,55,2,0
BRDA:348,55,3,0
BRDA:350,56,0,0
BRDA:350,56,1,0
BRDA:354,57,0,0
BRDA:354,57,1,0
BRDA:354,58,0,0
BRDA:354,58,1,0
BRDA:355,59,0,0
BRDA:355,59,1,0
BRDA:355,60,0,0
BRDA:355,60,1,0
BRDA:355,61,0,0
BRDA:355,61,1,0
BRDA:355,62,0,0
BRDA:355,62,1,0
BRDA:358,63,0,0
BRDA:358,63,1,0
BRDA:361,64,0,0
BRDA:361,64,1,0
BRDA:381,65,0,0
BRDA:381,65,1,0
BRDA:386,66,0,0
BRDA:386,66,1,0
BRDA:386,67,0,0
BRDA:386,67,1,0
BRDA:387,68,0,0
BRDA:387,68,1,0
BRDA:394,69,0,0
BRDA:394,69,1,0
BRDA:399,70,0,0
BRDA:399,70,1,0
BRDA:399,71,0,0
BRDA:399,71,1,0
BRDA:400,72,0,0
BRDA:400,72,1,0
BRDA:401,73,0,0
BRDA:401,73,1,0
BRDA:408,74,0,0
BRDA:408,74,1,0
BRDA:413,75,0,0
BRDA:413,75,1,0
BRDA:413,76,0,0
BRDA:413,76,1,0
BRDA:415,77,0,0
BRDA:415,77,1,0
BRDA:418,78,0,0
BRDA:418,78,1,0
BRDA:420,79,0,0
BRDA:420,79,1,0
BRDA:420,80,0,0
BRDA:420,80,1,0
BRDA:421,81,0,0
BRDA:421,81,1,0
BRDA:421,82,0,0
BRDA:421,82,1,0
BRDA:422,83,0,0
BRDA:422,83,1,0
BRDA:422,84,0,0
BRDA:422,84,1,0
BRDA:437,85,0,0
BRDA:437,85,1,0
BRDA:441,86,0,0
BRDA:441,86,1,0
BRDA:455,87,0,0
BRDA:455,87,1,0
BRDA:456,88,0,0
BRDA:456,88,1,0
BRDA:456,89,0,0
BRDA:456,89,1,0
BRDA:468,90,0,0
BRDA:468,90,1,0
BRDA:471,91,0,0
BRDA:471,91,1,0
BRDA:472,92,0,0
BRDA:472,92,1,0
BRDA:472,93,0,0
BRDA:472,93,1,0
BRDA:486,94,0,0
BRDA:486,94,1,0
BRDA:487,95,0,0
BRDA:487,95,1,0
BRDA:487,96,0,0
BRDA:487,96,1,0
BRDA:487,97,0,0
BRDA:487,97,1,0
BRDA:500,98,0,0
BRDA:500,98,1,0
BRDA:501,99,0,0
BRDA:501,99,1,0
BRDA:501,100,0,0
BRDA:501,100,1,0
BRDA:502,101,0,0
BRDA:502,101,1,0
BRDA:502,102,0,0
BRDA:502,102,1,0
BRDA:504,103,0,0
BRDA:504,103,1,0
BRDA:512,104,0,0
BRDA:512,104,1,0
BRDA:518,105,0,0
BRDA:518,105,1,0
BRDA:520,106,0,0
BRDA:520,106,1,0
BRDA:521,107,0,0
BRDA:521,107,1,0
BRDA:522,108,0,0
BRDA:522,108,1,0
BRDA:530,109,0,0
BRDA:530,109,1,0
BRDA:535,110,0,0
BRDA:535,110,1,0
BRDA:536,111,0,0
BRDA:536,111,1,0
BRDA:536,112,0,0
BRDA:536,112,1,0
BRDA:545,113,0,0
BRDA:545,113,1,0
BRDA:546,114,0,0
BRDA:546,114,1,0
BRF:228
BRH:0
end_of_record
TN:
SF:src\routes\auth.routes.ts
FN:25,safeNext
FN:30,(anonymous_1)
FN:35,(anonymous_2)
FN:40,(anonymous_3)
FN:64,(anonymous_4)
FN:69,(anonymous_5)
FN:75,(anonymous_6)
FN:98,(anonymous_7)
FN:104,(anonymous_8)
FN:109,(anonymous_9)
FN:111,(anonymous_10)
FN:134,hasAvatar
FN:139,(anonymous_12)
FN:147,(anonymous_13)
FN:149,(anonymous_14)
FN:151,(anonymous_15)
FN:153,(anonymous_16)
FNF:17
FNH:0
FNDA:0,safeNext
FNDA:0,(anonymous_1)
FNDA:0,(anonymous_2)
FNDA:0,(anonymous_3)
FNDA:0,(anonymous_4)
FNDA:0,(anonymous_5)
FNDA:0,(anonymous_6)
FNDA:0,(anonymous_7)
FNDA:0,(anonymous_8)
FNDA:0,(anonymous_9)
FNDA:0,(anonymous_10)
FNDA:0,hasAvatar
FNDA:0,(anonymous_12)
FNDA:0,(anonymous_13)
FNDA:0,(anonymous_14)
FNDA:0,(anonymous_15)
FNDA:0,(anonymous_16)
DA:10,0
DA:12,0
DA:14,0
DA:20,0
DA:26,0
DA:27,0
DA:30,0
DA:31,0
DA:32,0
DA:35,0
DA:36,0
DA:37,0
DA:38,0
DA:40,0
DA:44,0
DA:45,0
DA:46,0
DA:47,0
DA:51,0
DA:52,0
DA:53,0
DA:55,0
DA:56,0
DA:64,0
DA:65,0
DA:66,0
DA:69,0
DA:70,0
DA:71,0
DA:72,0
DA:73,0
DA:75,0
DA:80,0
DA:81,0
DA:85,0
DA:86,0
DA:87,0
DA:94,0
DA:95,0
DA:98,0
DA:99,0
DA:100,0
DA:104,0
DA:105,0
DA:106,0
DA:109,0
DA:110,0
DA:111,0
DA:112,0
DA:114,0
DA:116,0
DA:117,0
DA:119,0
DA:120,0
DA:121,0
DA:123,0
DA:124,0
DA:125,0
DA:127,0
DA:130,0
DA:135,0
DA:136,0
DA:139,0
DA:140,0
DA:143,0
DA:147,0
DA:149,0
DA:150,0
DA:151,0
DA:152,0
DA:153,0
DA:155,0
DA:156,0
DA:157,0
DA:159,0
DA:160,0
DA:161,0
LF:77
LH:0
BRDA:26,0,0,0
BRDA:26,0,1,0
BRDA:27,1,0,0
BRDA:27,1,1,0
BRDA:27,2,0,0
BRDA:27,2,1,0
BRDA:31,3,0,0
BRDA:31,3,1,0
BRDA:37,4,0,0
BRDA:37,4,1,0
BRDA:56,5,0,0
BRDA:56,5,1,0
BRDA:58,6,0,0
BRDA:58,6,1,0
BRDA:65,7,0,0
BRDA:65,7,1,0
BRDA:66,8,0,0
BRDA:66,8,1,0
BRDA:72,9,0,0
BRDA:72,9,1,0
BRDA:77,10,0,0
BRDA:77,10,1,0
BRDA:86,11,0,0
BRDA:86,11,1,0
BRDA:86,12,0,0
BRDA:86,12,1,0
BRDA:91,13,0,0
BRDA:91,13,1,0
BRDA:105,14,0,0
BRDA:105,14,1,0
BRDA:110,15,0,0
BRDA:110,15,1,0
BRDA:114,16,0,0
BRDA:114,16,1,0
BRDA:117,17,0,0
BRDA:117,17,1,0
BRDA:130,18,0,0
BRDA:130,18,1,0
BRDA:153,19,0,0
BRDA:153,19,1,0
BRDA:156,20,0,0
BRDA:156,20,1,0
BRDA:156,21,0,0
BRDA:156,21,1,0
BRF:44
BRH:0
end_of_record
TN:
SF:src\routes\pages.routes.ts
FN:27,savedIdSet
FN:33,(anonymous_1)
FN:37,(anonymous_2)
FN:51,(anonymous_3)
FN:66,(anonymous_4)
FN:74,(anonymous_5)
FN:84,(anonymous_6)
FN:114,(anonymous_7)
FN:129,(anonymous_8)
FN:134,(anonymous_9)
FN:139,(anonymous_10)
FN:145,(anonymous_11)
FN:154,(anonymous_12)
FN:178,(anonymous_13)
FNF:14
FNH:0
FNDA:0,savedIdSet
FNDA:0,(anonymous_1)
FNDA:0,(anonymous_2)
FNDA:0,(anonymous_3)
FNDA:0,(anonymous_4)
FNDA:0,(anonymous_5)
FNDA:0,(anonymous_6)
FNDA:0,(anonymous_7)
FNDA:0,(anonymous_8)
FNDA:0,(anonymous_9)
FNDA:0,(anonymous_10)
FNDA:0,(anonymous_11)
FNDA:0,(anonymous_12)
FNDA:0,(anonymous_13)
DA:9,0
DA:11,0
DA:28,0
DA:29,0
DA:33,0
DA:37,0
DA:38,0
DA:41,0
DA:42,0
DA:43,0
DA:47,0
DA:51,0
DA:52,0
DA:53,0
DA:55,0
DA:56,0
DA:57,0
DA:58,0
DA:59,0
DA:60,0
DA:61,0
DA:62,0
DA:64,0
DA:65,0
DA:66,0
DA:67,0
DA:69,0
DA:74,0
DA:75,0
DA:76,0
DA:78,0
DA:79,0
DA:80,0
DA:82,0
DA:83,0
DA:84,0
DA:89,0
DA:90,0
DA:91,0
DA:95,0
DA:97,0
DA:98,0
DA:104,0
DA:110,0
DA:114,0
DA:115,0
DA:116,0
DA:124,0
DA:125,0
DA:126,0
DA:127,0
DA:128,0
DA:129,0
DA:130,0
DA:132,0
DA:134,0
DA:135,0
DA:139,0
DA:140,0
DA:141,0
DA:145,0
DA:146,0
DA:147,0
DA:148,0
DA:149,0
DA:150,0
DA:154,0
DA:155,0
DA:156,0
DA:157,0
DA:158,0
DA:163,0
DA:168,0
DA:169,0
DA:170,0
DA:171,0
DA:172,0
DA:173,0
DA:174,0
DA:175,0
DA:178,0
DA:185,0
LF:82
LH:0
BRDA:28,0,0,0
BRDA:28,0,1,0
BRDA:52,1,0,0
BRDA:52,1,1,0
BRDA:53,2,0,0
BRDA:53,2,1,0
BRDA:55,3,0,0
BRDA:55,3,1,0
BRDA:56,4,0,0
BRDA:56,4,1,0
BRDA:57,5,0,0
BRDA:57,5,1,0
BRDA:61,6,0,0
BRDA:61,6,1,0
BRDA:65,7,0,0
BRDA:65,7,1,0
BRDA:66,8,0,0
BRDA:66,8,1,0
BRDA:66,9,0,0
BRDA:66,9,1,0
BRDA:76,10,0,0
BRDA:76,10,1,0
BRDA:80,11,0,0
BRDA:80,11,1,0
BRDA:90,12,0,0
BRDA:90,12,1,0
BRDA:95,13,0,0
BRDA:95,13,1,0
BRDA:108,14,0,0
BRDA:108,14,1,0
BRDA:128,15,0,0
BRDA:128,15,1,0
BRDA:147,16,0,0
BRDA:147,16,1,0
BRDA:149,17,0,0
BRDA:149,17,1,0
BRDA:171,18,0,0
BRDA:171,18,1,0
BRDA:173,19,0,0
BRDA:173,19,1,0
BRDA:181,20,0,0
BRDA:181,20,1,0
BRF:42
BRH:0
end_of_record
TN:
SF:src\routes\social.routes.ts
FN:16,(anonymous_0)
FN:22,(anonymous_1)
FN:24,(anonymous_2)
FN:29,(anonymous_3)
FN:46,enrichMessages
FN:48,(anonymous_5)
FN:49,(anonymous_6)
FN:60,(anonymous_7)
FN:68,(anonymous_8)
FN:70,(anonymous_9)
FN:78,(anonymous_10)
FN:91,(anonymous_11)
FN:99,(anonymous_12)
FN:109,(anonymous_13)
FN:129,(anonymous_14)
FN:147,(anonymous_15)
FN:159,(anonymous_16)
FN:171,(anonymous_17)
FN:190,(anonymous_18)
FN:198,(anonymous_19)
FN:233,(anonymous_20)
FN:278,(anonymous_21)
FN:288,(anonymous_22)
FN:302,htmlEscape
FN:303,(anonymous_24)
FN:308,(anonymous_25)
FN:329,(anonymous_26)
FN:379,(anonymous_27)
FN:395,(anonymous_28)
FN:437,(anonymous_29)
FN:449,(anonymous_30)
FN:462,(anonymous_31)
FNF:32
FNH:0
FNDA:0,(anonymous_0)
FNDA:0,(anonymous_1)
FNDA:0,(anonymous_2)
FNDA:0,(anonymous_3)
FNDA:0,enrichMessages
FNDA:0,(anonymous_5)
FNDA:0,(anonymous_6)
FNDA:0,(anonymous_7)
FNDA:0,(anonymous_8)
FNDA:0,(anonymous_9)
FNDA:0,(anonymous_10)
FNDA:0,(anonymous_11)
FNDA:0,(anonymous_12)
FNDA:0,(anonymous_13)
FNDA:0,(anonymous_14)
FNDA:0,(anonymous_15)
FNDA:0,(anonymous_16)
FNDA:0,(anonymous_17)
FNDA:0,(anonymous_18)
FNDA:0,(anonymous_19)
FNDA:0,(anonymous_20)
FNDA:0,(anonymous_21)
FNDA:0,(anonymous_22)
FNDA:0,htmlEscape
FNDA:0,(anonymous_24)
FNDA:0,(anonymous_25)
FNDA:0,(anonymous_26)
FNDA:0,(anonymous_27)
FNDA:0,(anonymous_28)
FNDA:0,(anonymous_29)
FNDA:0,(anonymous_30)
FNDA:0,(anonymous_31)
DA:11,0
DA:13,0
DA:16,0
DA:20,0
DA:21,0
DA:22,0
DA:24,0
DA:26,0
DA:30,0
DA:31,0
DA:32,0
DA:33,0
DA:34,0
DA:39,0
DA:47,0
DA:48,0
DA:49,0
DA:51,0
DA:52,0
DA:53,0
DA:60,0
DA:62,0
DA:63,0
DA:64,0
DA:68,0
DA:70,0
DA:71,0
DA:72,0
DA:74,0
DA:78,0
DA:79,0
DA:80,0
DA:81,0
DA:84,0
DA:85,0
DA:86,0
DA:87,0
DA:88,0
DA:91,0
DA:92,0
DA:93,0
DA:95,0
DA:99,0
DA:100,0
DA:101,0
DA:102,0
DA:103,0
DA:105,0
DA:109,0
DA:110,0
DA:111,0
DA:112,0
DA:115,0
DA:116,0
DA:118,0
DA:124,0
DA:125,0
DA:129,0
DA:130,0
DA:131,0
DA:132,0
DA:133,0
DA:134,0
DA:135,0
DA:136,0
DA:137,0
DA:138,0
DA:142,0
DA:144,0
DA:147,0
DA:148,0
DA:149,0
DA:150,0
DA:154,0
DA:156,0
DA:159,0
DA:160,0
DA:161,0
DA:162,0
DA:167,0
DA:171,0
DA:172,0
DA:173,0
DA:186,0
DA:190,0
DA:191,0
DA:192,0
DA:198,0
DA:200,0
DA:201,0
DA:202,0
DA:203,0
DA:204,0
DA:207,0
DA:208,0
DA:209,0
DA:210,0
DA:218,0
DA:222,0
DA:225,0
DA:229,0
DA:234,0
DA:235,0
DA:236,0
DA:237,0
DA:239,0
DA:240,0
DA:241,0
DA:242,0
DA:243,0
DA:246,0
DA:247,0
DA:248,0
DA:250,0
DA:251,0
DA:252,0
DA:253,0
DA:255,0
DA:256,0
DA:259,0
DA:260,0
DA:270,0
DA:271,0
DA:273,0
DA:278,0
DA:279,0
DA:280,0
DA:281,0
DA:282,0
DA:283,0
DA:284,0
DA:288,0
DA:289,0
DA:290,0
DA:291,0
DA:292,0
DA:293,0
DA:297,0
DA:298,0
DA:303,0
DA:308,0
DA:309,0
DA:310,0
DA:311,0
DA:312,0
DA:314,0
DA:315,0
DA:316,0
DA:325,0
DA:326,0
DA:327,0
DA:328,0
DA:330,0
DA:331,0
DA:332,0
DA:333,0
DA:334,0
DA:335,0
DA:336,0
DA:337,0
DA:338,0
DA:339,0
DA:340,0
DA:344,0
DA:373,0
DA:374,0
DA:375,0
DA:376,0
DA:379,0
DA:380,0
DA:381,0
DA:382,0
DA:383,0
DA:384,0
DA:391,0
DA:395,0
DA:396,0
DA:397,0
DA:398,0
DA:399,0
DA:403,0
DA:404,0
DA:405,0
DA:406,0
DA:408,0
DA:409,0
DA:410,0
DA:411,0
DA:412,0
DA:413,0
DA:414,0
DA:415,0
DA:416,0
DA:417,0
DA:418,0
DA:419,0
DA:420,0
DA:421,0
DA:423,0
DA:424,0
DA:427,0
DA:428,0
DA:429,0
DA:431,0
DA:433,0
DA:437,0
DA:438,0
DA:439,0
DA:445,0
DA:449,0
DA:450,0
DA:451,0
DA:453,0
DA:454,0
DA:455,0
DA:456,0
DA:457,0
DA:458,0
DA:462,0
DA:463,0
DA:464,0
DA:467,0
DA:468,0
DA:470,0
LF:224
LH:0
BRDA:22,0,0,0
BRDA:22,0,1,0
BRDA:31,1,0,0
BRDA:31,1,1,0
BRDA:32,2,0,0
BRDA:32,2,1,0
BRDA:33,3,0,0
BRDA:33,3,1,0
BRDA:47,4,0,0
BRDA:47,4,1,0
BRDA:52,5,0,0
BRDA:52,5,1,0
BRDA:63,6,0,0
BRDA:63,6,1,0
BRDA:71,7,0,0
BRDA:71,7,1,0
BRDA:71,8,0,0
BRDA:71,8,1,0
BRDA:72,9,0,0
BRDA:72,9,1,0
BRDA:72,10,0,0
BRDA:72,10,1,0
BRDA:80,11,0,0
BRDA:80,11,1,0
BRDA:85,12,0,0
BRDA:85,12,1,0
BRDA:85,13,0,0
BRDA:85,13,1,0
BRDA:86,14,0,0
BRDA:86,14,1,0
BRDA:92,15,0,0
BRDA:92,15,1,0
BRDA:100,16,0,0
BRDA:100,16,1,0
BRDA:101,17,0,0
BRDA:101,17,1,0
BRDA:111,18,0,0
BRDA:111,18,1,0
BRDA:116,19,0,0
BRDA:116,19,1,0
BRDA:132,20,0,0
BRDA:132,20,1,0
BRDA:132,21,0,0
BRDA:132,21,1,0
BRDA:134,22,0,0
BRDA:134,22,1,0
BRDA:136,23,0,0
BRDA:136,23,1,0
BRDA:137,24,0,0
BRDA:137,24,1,0
BRDA:140,25,0,0
BRDA:140,25,1,0
BRDA:144,26,0,0
BRDA:144,26,1,0
BRDA:149,27,0,0
BRDA:149,27,1,0
BRDA:161,28,0,0
BRDA:161,28,1,0
BRDA:203,29,0,0
BRDA:203,29,1,0
BRDA:203,30,0,0
BRDA:203,30,1,0
BRDA:207,31,0,0
BRDA:207,31,1,0
BRDA:208,32,0,0
BRDA:208,32,1,0
BRDA:222,33,0,0
BRDA:222,33,1,0
BRDA:236,34,0,0
BRDA:236,34,1,0
BRDA:237,35,0,0
BRDA:237,35,1,0
BRDA:239,36,0,0
BRDA:239,36,1,0
BRDA:247,37,0,0
BRDA:247,37,1,0
BRDA:248,38,0,0
BRDA:248,38,1,0
BRDA:251,39,0,0
BRDA:251,39,1,0
BRDA:252,40,0,0
BRDA:252,40,1,0
BRDA:255,41,0,0
BRDA:255,41,1,0
BRDA:255,42,0,0
BRDA:255,42,1,0
BRDA:255,42,2,0
BRDA:255,42,3,0
BRDA:255,42,4,0
BRDA:255,42,5,0
BRDA:259,43,0,0
BRDA:259,43,1,0
BRDA:266,44,0,0
BRDA:266,44,1,0
BRDA:266,45,0,0
BRDA:266,45,1,0
BRDA:266,46,0,0
BRDA:266,46,1,0
BRDA:267,47,0,0
BRDA:267,47,1,0
BRDA:267,48,0,0
BRDA:267,48,1,0
BRDA:267,49,0,0
BRDA:267,49,1,0
BRDA:281,50,0,0
BRDA:281,50,1,0
BRDA:282,51,0,0
BRDA:282,51,1,0
BRDA:291,52,0,0
BRDA:291,52,1,0
BRDA:292,53,0,0
BRDA:292,53,1,0
BRDA:298,54,0,0
BRDA:298,54,1,0
BRDA:303,55,0,0
BRDA:303,55,1,0
BRDA:311,56,0,0
BRDA:311,56,1,0
BRDA:312,57,0,0
BRDA:312,57,1,0
BRDA:325,58,0,0
BRDA:325,58,1,0
BRDA:326,59,0,0
BRDA:326,59,1,0
BRDA:331,60,0,0
BRDA:331,60,1,0
BRDA:334,61,0,0
BRDA:334,61,1,0
BRDA:335,62,0,0
BRDA:335,62,1,0
BRDA:336,63,0,0
BRDA:336,63,1,0
BRDA:337,64,0,0
BRDA:337,64,1,0
BRDA:337,65,0,0
BRDA:337,65,1,0
BRDA:338,66,0,0
BRDA:338,66,1,0
BRDA:339,67,0,0
BRDA:339,67,1,0
BRDA:340,68,0,0
BRDA:340,68,1,0
BRDA:340,69,0,0
BRDA:340,69,1,0
BRDA:368,70,0,0
BRDA:368,70,1,0
BRDA:381,71,0,0
BRDA:381,71,1,0
BRDA:381,72,0,0
BRDA:381,72,1,0
BRDA:382,73,0,0
BRDA:382,73,1,0
BRDA:383,74,0,0
BRDA:383,74,1,0
BRDA:398,75,0,0
BRDA:398,75,1,0
BRDA:398,76,0,0
BRDA:398,76,1,0
BRDA:405,77,0,0
BRDA:405,77,1,0
BRDA:405,78,0,0
BRDA:405,78,1,0
BRDA:406,79,0,0
BRDA:406,79,1,0
BRDA:406,80,0,0
BRDA:406,80,1,0
BRDA:408,81,0,0
BRDA:408,81,1,0
BRDA:410,82,0,0
BRDA:410,82,1,0
BRDA:413,83,0,0
BRDA:413,83,1,0
BRDA:415,84,0,0
BRDA:415,84,1,0
BRDA:415,85,0,0
BRDA:415,85,1,0
BRDA:416,86,0,0
BRDA:416,86,1,0
BRDA:416,87,0,0
BRDA:416,87,1,0
BRDA:417,88,0,0
BRDA:417,88,1,0
BRDA:417,89,0,0
BRDA:417,89,1,0
BRDA:427,90,0,0
BRDA:427,90,1,0
BRDA:428,91,0,0
BRDA:428,91,1,0
BRDA:429,92,0,0
BRDA:429,92,1,0
BRDA:451,93,0,0
BRDA:451,93,1,0
BRDA:454,94,0,0
BRDA:454,94,1,0
BRDA:455,95,0,0
BRDA:455,95,1,0
BRDA:456,96,0,0
BRDA:456,96,1,0
BRDA:463,97,0,0
BRDA:463,97,1,0
BRDA:464,98,0,0
BRDA:464,98,1,0
BRF:202
BRH:0
end_of_record
TN:
SF:src\services\dataset.ts
FN:6,extractText
FN:24,(anonymous_1)
FN:33,cleanForCsv
FN:42,readLastId
FN:52,csvField
FN:70,appendCatalogRow
FN:86,(anonymous_6)
FNF:7
FNH:0
FNDA:0,extractText
FNDA:0,(anonymous_1)
FNDA:0,cleanForCsv
FNDA:0,readLastId
FNDA:0,csvField
FNDA:0,appendCatalogRow
FNDA:0,(anonymous_6)
DA:7,0
DA:8,0
DA:10,0
DA:11,0
DA:12,0
DA:13,0
DA:15,0
DA:16,0
DA:17,0
DA:18,0
DA:19,0
DA:21,0
DA:22,0
DA:23,0
DA:24,0
DA:27,0
DA:29,0
DA:34,0
DA:38,0
DA:39,0
DA:40,0
DA:43,0
DA:44,0
DA:45,0
DA:46,0
DA:47,0
DA:49,0
DA:53,0
DA:54,0
DA:71,0
DA:72,0
DA:73,0
DA:74,0
DA:86,0
DA:87,0
DA:88,0
LF:36
LH:0
BRDA:8,0,0,0
BRDA:8,0,1,0
BRDA:11,1,0,0
BRDA:11,1,1,0
BRDA:13,2,0,0
BRDA:13,2,1,0
BRDA:15,3,0,0
BRDA:15,3,1,0
BRDA:15,4,0,0
BRDA:15,4,1,0
BRDA:17,5,0,0
BRDA:17,5,1,0
BRDA:17,5,2,0
BRDA:19,6,0,0
BRDA:19,6,1,0
BRDA:21,7,0,0
BRDA:21,7,1,0
BRDA:21,8,0,0
BRDA:21,8,1,0
BRDA:33,9,0,0
BRDA:34,10,0,0
BRDA:34,10,1,0
BRDA:38,11,0,0
BRDA:38,11,1,0
BRDA:43,12,0,0
BRDA:43,12,1,0
BRDA:47,13,0,0
BRDA:47,13,1,0
BRDA:53,14,0,0
BRDA:53,14,1,0
BRDA:54,15,0,0
BRDA:54,15,1,0
BRDA:71,16,0,0
BRDA:71,16,1,0
BRDA:76,17,0,0
BRDA:76,17,1,0
BRDA:77,18,0,0
BRDA:77,18,1,0
BRDA:78,19,0,0
BRDA:78,19,1,0
BRDA:79,20,0,0
BRDA:79,20,1,0
BRDA:79,20,2,0
BRDA:80,21,0,0
BRDA:80,21,1,0
BRDA:81,22,0,0
BRDA:81,22,1,0
BRDA:82,23,0,0
BRDA:82,23,1,0
BRDA:83,24,0,0
BRDA:83,24,1,0
BRDA:84,25,0,0
BRDA:84,25,1,0
BRF:53
BRH:0
end_of_record
TN:
SF:src\services\mailer.ts
FN:20,sendNewPassword
FNF:1
FNH:0
FNDA:0,sendNewPassword
DA:5,0
DA:6,0
DA:7,0
DA:8,0
DA:10,0
DA:12,0
DA:21,0
DA:22,0
DA:35,0
LF:9
LH:0
BRDA:8,0,0,0
BRDA:8,0,1,0
BRDA:10,1,0,0
BRDA:10,1,1,0
BRDA:12,2,0,0
BRDA:12,2,1,0
BRDA:14,3,0,0
BRDA:14,3,1,0
BRDA:21,4,0,0
BRDA:21,4,1,0
BRDA:23,5,0,0
BRDA:23,5,1,0
BRF:12
BRH:0
end_of_record
TN:
SF:src\services\markdown.ts
FN:6,renderMd
FN:11,googleRefs
FN:14,(anonymous_2)
FNF:3
FNH:3
FNDA:2,renderMd
FNDA:3,googleRefs
FNDA:6,(anonymous_2)
DA:4,1
DA:7,2
DA:12,3
DA:13,3
DA:14,6
DA:15,2
LF:6
LH:6
BRDA:7,0,0,2
BRDA:7,0,1,1
BRDA:12,1,0,3
BRDA:12,1,1,1
BRDA:13,2,0,1
BRDA:13,2,1,2
BRF:6
BRH:6
end_of_record
TN:
SF:src\services\password.ts
FN:7,isStrongPassword
FN:16,pick
FN:21,generatePassword
FNF:3
FNH:0
FNDA:0,isStrongPassword
FNDA:0,pick
FNDA:0,generatePassword
DA:4,0
DA:5,0
DA:8,0
DA:11,0
DA:12,0
DA:13,0
DA:14,0
DA:17,0
DA:22,0
DA:23,0
DA:24,0
DA:25,0
DA:26,0
DA:27,0
DA:28,0
DA:30,0
LF:16
LH:0
BRDA:21,0,0,0
BRF:1
BRH:0
end_of_record
TN:
SF:src\services\posts.ts
FN:7,fetchPosts
FN:29,(anonymous_1)
FN:29,(anonymous_2)
FN:38,(anonymous_3)
FN:42,(anonymous_4)
FN:50,(anonymous_5)
FN:52,(anonymous_6)
FNF:7
FNH:0
FNDA:0,fetchPosts
FNDA:0,(anonymous_1)
FNDA:0,(anonymous_2)
FNDA:0,(anonymous_3)
FNDA:0,(anonymous_4)
FNDA:0,(anonymous_5)
FNDA:0,(anonymous_6)
DA:8,0
DA:9,0
DA:10,0
DA:11,0
DA:13,0
DA:26,0
DA:29,0
DA:30,0
DA:31,0
DA:32,0
DA:38,0
DA:42,0
DA:43,0
DA:49,0
DA:50,0
DA:52,0
DA:53,0
DA:54,0
DA:56,0
LF:19
LH:0
BRDA:10,0,0,0
BRDA:10,0,1,0
BRDA:11,1,0,0
BRDA:11,1,1,0
BRDA:26,2,0,0
BRDA:26,2,1,0
BRDA:31,3,0,0
BRDA:31,3,1,0
BRDA:53,4,0,0
BRDA:53,4,1,0
BRDA:54,5,0,0
BRDA:54,5,1,0
BRDA:54,6,0,0
BRDA:54,6,1,0
BRF:14
BRH:0
end_of_record
TN:
SF:src\services\realtime.ts
FN:21,addClient
FN:24,(anonymous_1)
FN:27,write
FN:37,sendToUser
FN:42,broadcast
FN:47,liveCount
FN:52,isOnline
FNF:7
FNH:0
FNDA:0,addClient
FNDA:0,(anonymous_1)
FNDA:0,write
FNDA:0,sendToUser
FNDA:0,broadcast
FNDA:0,liveCount
FNDA:0,isOnline
DA:18,0
DA:22,0
DA:23,0
DA:24,0
DA:28,0
DA:29,0
DA:30,0
DA:38,0
DA:43,0
DA:48,0
DA:53,0
DA:54,0
LF:12
LH:0
BRDA:38,0,0,0
BRDA:38,0,1,0
BRDA:43,1,0,0
BRDA:43,1,1,0
BRDA:53,2,0,0
BRDA:53,2,1,0
BRF:6
BRH:0
end_of_record
TN:
SF:src\services\recommender.ts
FN:44,call
FN:46,(anonymous_1)
FN:62,post
FN:67,search
FN:70,chat
FN:75,chatStream
FN:77,(anonymous_6)
FN:87,personas
FN:90,forYou
FN:93,suggested
FNF:10
FNH:0
FNDA:0,call
FNDA:0,(anonymous_1)
FNDA:0,post
FNDA:0,search
FNDA:0,chat
FNDA:0,chatStream
FNDA:0,(anonymous_6)
FNDA:0,personas
FNDA:0,forYou
FNDA:0,suggested
DA:41,0
DA:42,0
DA:45,0
DA:46,0
DA:47,0
DA:48,0
DA:53,0
DA:54,0
DA:56,0
DA:58,0
DA:63,0
DA:66,0
DA:68,0
DA:71,0
DA:76,0
DA:77,0
DA:78,0
DA:84,0
DA:85,0
DA:88,0
DA:91,0
DA:94,0
LF:22
LH:0
BRDA:41,0,0,0
BRDA:41,0,1,0
BRDA:42,1,0,0
BRDA:42,1,1,0
BRDA:44,2,0,0
BRDA:51,3,0,0
BRDA:51,3,1,0
BRDA:53,4,0,0
BRDA:53,4,1,0
BRDA:62,5,0,0
BRDA:67,6,0,0
BRDA:68,7,0,0
BRDA:68,7,1,0
BRDA:70,8,0,0
BRDA:75,9,0,0
BRDA:84,10,0,0
BRDA:84,10,1,0
BRDA:84,11,0,0
BRDA:84,11,1,0
BRDA:90,12,0,0
BRF:20
BRH:0
end_of_record
TN:
SF:src\services\social.ts
FN:6,friendStatus
FN:19,acceptedFriendIds
FN:25,(anonymous_2)
FN:28,areFriends
FN:38,parseYouTubeId
FNF:5
FNH:0
FNDA:0,friendStatus
FNDA:0,acceptedFriendIds
FNDA:0,(anonymous_2)
FNDA:0,areFriends
FNDA:0,parseYouTubeId
DA:7,0
DA:8,0
DA:13,0
DA:14,0
DA:15,0
DA:20,0
DA:25,0
DA:29,0
DA:34,0
DA:39,0
DA:40,0
DA:41,0
DA:42,0
DA:43,0
LF:14
LH:0
BRDA:7,0,0,0
BRDA:7,0,1,0
BRDA:13,1,0,0
BRDA:13,1,1,0
BRDA:14,2,0,0
BRDA:14,2,1,0
BRDA:15,3,0,0
BRDA:15,3,1,0
BRDA:39,4,0,0
BRDA:39,4,1,0
BRDA:41,5,0,0
BRDA:41,5,1,0
BRDA:42,6,0,0
BRDA:42,6,1,0
BRF:14
BRH:0
end_of_record
